1958:APP_OPEN:startTime=1721041167420
4080:GENERAL_SHOW_PERSPECTIVE:perspective=org.jkiss.dbeaver.core.perspective
4080:GENERAL_VIEW_OPEN:view=org.jkiss.dbeaver.core.projectNavigator
4101:GENERAL_SHOW_PERSPECTIVE:perspective=org.jkiss.dbeaver.core.perspective
4101:GENERAL_VIEW_OPEN:view=org.jkiss.dbeaver.core.projectNavigator
4534:Open connection:driver=sqlite:sqlite_jdbc
4714:SQL_EDITOR_OPEN:driver=sqlite:sqlite_jdbc
100636:SQL_EDITOR_EXECUTE_SCRIPT
100636:SQL_EDITOR_EXECUTE_SCRIPT
112501:SQL_EDITOR_EXECUTE_SCRIPT
112501:SQL_EDITOR_EXECUTE_SCRIPT
116940:SQL_EDITOR_EXECUTE_SCRIPT
116940:SQL_EDITOR_EXECUTE_SCRIPT
125197:SQL_EDITOR_EXECUTE_SCRIPT
125197:SQL_EDITOR_EXECUTE_SCRIPT
128677:SQL_EDITOR_EXECUTE_SCRIPT
128677:SQL_EDITOR_EXECUTE_SCRIPT
168325:SQL_EDITOR_EXECUTE_SCRIPT
168325:SQL_EDITOR_EXECUTE_SCRIPT
180828:SQL_EDITOR_EXECUTE_SCRIPT
180828:SQL_EDITOR_EXECUTE_SCRIPT
190069:SQL_EDITOR_EXECUTE_SCRIPT
190069:SQL_EDITOR_EXECUTE_SCRIPT
726159:SQL_EDITOR_OPEN:driver=sqlite:sqlite_jdbc
832158:SQL_EDITOR_EXECUTE_SCRIPT
832158:SQL_EDITOR_EXECUTE_SCRIPT
989757:SQL_EDITOR_EXECUTE_SCRIPT
989757:SQL_EDITOR_EXECUTE_SCRIPT
1000548:SQL_EDITOR_EXECUTE_SCRIPT
1000548:SQL_EDITOR_EXECUTE_SCRIPT
1020532:SQL_EDITOR_EXECUTE_SCRIPT
1020532:SQL_EDITOR_EXECUTE_SCRIPT
1133103:SQL_EDITOR_EXECUTE_SCRIPT
1133103:SQL_EDITOR_EXECUTE_SCRIPT
1159653:SQL_EDITOR_EXECUTE_SCRIPT
1159653:SQL_EDITOR_EXECUTE_SCRIPT
1183397:SQL_EDITOR_EXECUTE_SCRIPT
1183397:SQL_EDITOR_EXECUTE_SCRIPT
1288647:SQL_EDITOR_EXECUTE_SCRIPT
1288647:SQL_EDITOR_EXECUTE_SCRIPT
1311584:SQL_EDITOR_EXECUTE_SCRIPT
1311584:SQL_EDITOR_EXECUTE_SCRIPT
1350560:SQL_EDITOR_EXECUTE_SCRIPT
1350560:SQL_EDITOR_EXECUTE_SCRIPT
1384367:SQL_EDITOR_EXECUTE_SCRIPT
1384368:SQL_EDITOR_EXECUTE_SCRIPT
1476936:SQL_EDITOR_EXECUTE_SCRIPT
1476936:SQL_EDITOR_EXECUTE_SCRIPT
1500992:SQL_EDITOR_EXECUTE_SCRIPT
1500992:SQL_EDITOR_EXECUTE_SCRIPT
1535095:SQL_EDITOR_EXECUTE_SCRIPT
1535095:SQL_EDITOR_EXECUTE_SCRIPT
1588479:SQL_EDITOR_EXECUTE_SCRIPT
1588479:SQL_EDITOR_EXECUTE_SCRIPT
1636105:SQL_EDITOR_EXECUTE_SCRIPT
1636105:SQL_EDITOR_EXECUTE_SCRIPT
1647712:SQL_EDITOR_EXECUTE_SCRIPT
1647712:SQL_EDITOR_EXECUTE_SCRIPT
1738736:SQL_EDITOR_EXECUTE_SCRIPT
1738736:SQL_EDITOR_EXECUTE_SCRIPT
1765769:SQL_EDITOR_EXECUTE_SCRIPT
1765769:SQL_EDITOR_EXECUTE_SCRIPT
1814744:SQL_EDITOR_EXECUTE_SCRIPT
1814744:SQL_EDITOR_EXECUTE_SCRIPT
2225280:SQL_EDITOR_EXECUTE_SCRIPT
2225280:SQL_EDITOR_EXECUTE_SCRIPT
2237319:SQL_EDITOR_EXECUTE_SCRIPT
2237319:SQL_EDITOR_EXECUTE_SCRIPT
2257799:SQL_EDITOR_EXECUTE_SCRIPT
2257799:SQL_EDITOR_EXECUTE_SCRIPT
2296431:SQL_EDITOR_EXECUTE_SCRIPT
2296431:SQL_EDITOR_EXECUTE_SCRIPT
2379934:SQL_EDITOR_EXECUTE_QUERY
2379934:SQL_EDITOR_EXECUTE_QUERY
2417847:SQL_EDITOR_EXECUTE_SCRIPT
2417847:SQL_EDITOR_EXECUTE_SCRIPT
2484238:SQL_EDITOR_EXECUTE_QUERY
2484238:SQL_EDITOR_EXECUTE_QUERY
2488503:SQL_EDITOR_EXECUTE_SCRIPT
2488503:SQL_EDITOR_EXECUTE_SCRIPT
2545103:SQL_EDITOR_EXECUTE_SCRIPT
2545103:SQL_EDITOR_EXECUTE_SCRIPT
2651239:SQL_EDITOR_EXECUTE_SCRIPT
2651239:SQL_EDITOR_EXECUTE_SCRIPT
2673831:SQL_EDITOR_EXECUTE_SCRIPT
2673831:SQL_EDITOR_EXECUTE_SCRIPT
2680239:SQL_EDITOR_EXECUTE_SCRIPT
2680239:SQL_EDITOR_EXECUTE_SCRIPT
2686719:SQL_EDITOR_EXECUTE_SCRIPT
2686719:SQL_EDITOR_EXECUTE_SCRIPT
2697175:SQL_EDITOR_EXECUTE_SCRIPT
2697175:SQL_EDITOR_EXECUTE_SCRIPT
2737831:SQL_EDITOR_EXECUTE_SCRIPT
2737831:SQL_EDITOR_EXECUTE_SCRIPT
2744982:SQL_EDITOR_EXECUTE_SCRIPT
2744982:SQL_EDITOR_EXECUTE_SCRIPT
2778407:SQL_EDITOR_EXECUTE_SCRIPT
2778407:SQL_EDITOR_EXECUTE_SCRIPT
2787702:SQL_EDITOR_EXECUTE_QUERY
2787702:SQL_EDITOR_EXECUTE_QUERY
2788366:SQL_EDITOR_EXECUTE_QUERY
2788366:SQL_EDITOR_EXECUTE_QUERY
2812374:SQL_EDITOR_EXECUTE_SCRIPT
2812374:SQL_EDITOR_EXECUTE_SCRIPT
2844870:SQL_EDITOR_EXECUTE_SCRIPT
2844870:SQL_EDITOR_EXECUTE_SCRIPT
2915159:SQL_EDITOR_EXECUTE_SCRIPT
2915159:SQL_EDITOR_EXECUTE_SCRIPT
3037327:SQL_EDITOR_EXECUTE_SCRIPT
3037327:SQL_EDITOR_EXECUTE_SCRIPT
3066823:SQL_EDITOR_EXECUTE_SCRIPT
3066823:SQL_EDITOR_EXECUTE_SCRIPT
3190216:SQL_EDITOR_EXECUTE_SCRIPT
3190216:SQL_EDITOR_EXECUTE_SCRIPT
3217640:SQL_EDITOR_EXECUTE_SCRIPT
3217640:SQL_EDITOR_EXECUTE_SCRIPT
3294335:SQL_EDITOR_EXECUTE_SCRIPT
3294336:SQL_EDITOR_EXECUTE_SCRIPT
3438536:SQL_EDITOR_EXECUTE_SCRIPT
3438536:SQL_EDITOR_EXECUTE_SCRIPT
3564948:SQL_EDITOR_EXECUTE_SCRIPT
3564948:SQL_EDITOR_EXECUTE_SCRIPT
3596416:SQL_EDITOR_EXECUTE_SCRIPT
3596416:SQL_EDITOR_EXECUTE_SCRIPT
3612778:SQL_EDITOR_EXECUTE_SCRIPT
3612778:SQL_EDITOR_EXECUTE_SCRIPT
3638535:SQL_EDITOR_EXECUTE_SCRIPT
3638535:SQL_EDITOR_EXECUTE_SCRIPT
3654287:SQL_EDITOR_EXECUTE_SCRIPT
3654287:SQL_EDITOR_EXECUTE_SCRIPT
3671024:SQL_EDITOR_EXECUTE_SCRIPT
3671024:SQL_EDITOR_EXECUTE_SCRIPT
3704475:SQL_EDITOR_EXECUTE_SCRIPT
3704475:SQL_EDITOR_EXECUTE_SCRIPT
3709471:SQL_EDITOR_EXECUTE_SCRIPT
3709471:SQL_EDITOR_EXECUTE_SCRIPT
3712319:SQL_EDITOR_EXECUTE_SCRIPT
3712319:SQL_EDITOR_EXECUTE_SCRIPT
3717023:SQL_EDITOR_EXECUTE_SCRIPT
3717023:SQL_EDITOR_EXECUTE_SCRIPT
3972704:SQL_EDITOR_EXECUTE_SCRIPT
3972704:SQL_EDITOR_EXECUTE_SCRIPT
4278407:SQL_EDITOR_EXECUTE_SCRIPT
4278407:SQL_EDITOR_EXECUTE_SCRIPT
4285480:SQL_EDITOR_EXECUTE_SCRIPT
4285480:SQL_EDITOR_EXECUTE_SCRIPT
4298557:SQL_EDITOR_EXECUTE_SCRIPT
4298557:SQL_EDITOR_EXECUTE_SCRIPT
4315106:SQL_EDITOR_EXECUTE_SCRIPT
4315106:SQL_EDITOR_EXECUTE_SCRIPT
4347296:SQL_EDITOR_EXECUTE_SCRIPT
4347296:SQL_EDITOR_EXECUTE_SCRIPT
4371022:SQL_EDITOR_EXECUTE_SCRIPT
4371022:SQL_EDITOR_EXECUTE_SCRIPT
4393595:SQL_EDITOR_EXECUTE_QUERY
4393595:SQL_EDITOR_EXECUTE_QUERY
4424312:SQL_EDITOR_EXECUTE_SCRIPT
4424312:SQL_EDITOR_EXECUTE_SCRIPT
4461836:SQL_EDITOR_EXECUTE_SCRIPT
4461836:SQL_EDITOR_EXECUTE_SCRIPT
