2645:APP_OPEN:startTime=1721128012737
5366:GENERAL_SHOW_PERSPECTIVE:perspective=org.jkiss.dbeaver.core.perspective
5366:GENERAL_VIEW_OPEN:view=org.jkiss.dbeaver.core.projectNavigator
5384:GENERAL_SHOW_PERSPECTIVE:perspective=org.jkiss.dbeaver.core.perspective
5384:GENERAL_VIEW_OPEN:view=org.jkiss.dbeaver.core.projectNavigator
5871:Open connection:driver=sqlite:sqlite_jdbc
5951:SQL_EDITOR_OPEN:driver=sqlite:sqlite_jdbc
61216:SQL_EDITOR_OPEN:driver=sqlite:sqlite_jdbc
72200:SQL_SCRIPT_NEW
72200:SQL_SCRIPT_NEW
72496:SQL_EDITOR_OPEN:driver=sqlite:sqlite_jdbc
158253:SQL_EDITOR_OPEN:driver=sqlite:sqlite_jdbc
222465:SQL_EDITOR_EXECUTE_QUERY
222465:SQL_EDITOR_EXECUTE_QUERY
259634:SQL_EDITOR_EXECUTE_QUERY
259634:SQL_EDITOR_EXECUTE_QUERY
271377:SQL_EDITOR_EXECUTE_QUERY
271377:SQL_EDITOR_EXECUTE_QUERY
282794:SQL_EDITOR_EXECUTE_QUERY
282794:SQL_EDITOR_EXECUTE_QUERY
295914:SQL_EDITOR_EXECUTE_QUERY
295914:SQL_EDITOR_EXECUTE_QUERY
299562:SQL_EDITOR_EXECUTE_QUERY
299562:SQL_EDITOR_EXECUTE_QUERY
312985:SQL_EDITOR_EXECUTE_QUERY
312985:SQL_EDITOR_EXECUTE_QUERY
316809:SQL_EDITOR_EXECUTE_QUERY
316809:SQL_EDITOR_EXECUTE_QUERY
328537:SQL_EDITOR_EXECUTE_QUERY
328537:SQL_EDITOR_EXECUTE_QUERY
753937:SQL_EDITOR_EXECUTE_QUERY
753937:SQL_EDITOR_EXECUTE_QUERY
756090:SQL_EDITOR_EXECUTE_QUERY
756090:SQL_EDITOR_EXECUTE_QUERY
771377:SQL_EDITOR_EXECUTE_QUERY
771377:SQL_EDITOR_EXECUTE_QUERY
778425:SQL_EDITOR_EXECUTE_QUERY
778425:SQL_EDITOR_EXECUTE_QUERY
816345:SQL_EDITOR_EXECUTE_QUERY
816345:SQL_EDITOR_EXECUTE_QUERY
852912:SQL_EDITOR_EXECUTE_QUERY
852912:SQL_EDITOR_EXECUTE_QUERY
949249:SQL_EDITOR_EXECUTE_QUERY
949249:SQL_EDITOR_EXECUTE_QUERY
955321:SQL_EDITOR_EXECUTE_QUERY
955321:SQL_EDITOR_EXECUTE_QUERY
960865:SQL_EDITOR_EXECUTE_QUERY
960865:SQL_EDITOR_EXECUTE_QUERY
961097:SQL_EDITOR_EXECUTE_QUERY
961097:SQL_EDITOR_EXECUTE_QUERY
963553:SQL_EDITOR_EXECUTE_QUERY
963553:SQL_EDITOR_EXECUTE_QUERY
975002:SQL_EDITOR_EXECUTE_QUERY
975002:SQL_EDITOR_EXECUTE_QUERY
983778:SQL_EDITOR_EXECUTE_QUERY
983778:SQL_EDITOR_EXECUTE_QUERY
1054089:SQL_EDITOR_EXECUTE_QUERY
1054089:SQL_EDITOR_EXECUTE_QUERY
1189961:SQL_EDITOR_EXECUTE_QUERY
1189961:SQL_EDITOR_EXECUTE_QUERY
1267721:SQL_EDITOR_EXECUTE_QUERY
1267721:SQL_EDITOR_EXECUTE_QUERY
1279125:SQL_EDITOR_OPEN:driver=sqlite:sqlite_jdbc
1298129:SQL_EDITOR_EXECUTE_QUERY
1298129:SQL_EDITOR_EXECUTE_QUERY
1305674:SQL_EDITOR_EXECUTE_QUERY
1305674:SQL_EDITOR_EXECUTE_QUERY
1309737:SQL_EDITOR_EXECUTE_QUERY
1309737:SQL_EDITOR_EXECUTE_QUERY
1332866:SQL_EDITOR_EXECUTE_QUERY
1332866:SQL_EDITOR_EXECUTE_QUERY
1439090:SQL_EDITOR_EXECUTE_QUERY
1439090:SQL_EDITOR_EXECUTE_QUERY
4627975:SQL_EDITOR_OPEN:driver=sqlite:sqlite_jdbc
4642750:SQL_EDITOR_EXECUTE_QUERY
4642750:SQL_EDITOR_EXECUTE_QUERY
4667005:SQL_EDITOR_EXECUTE_QUERY
4667005:SQL_EDITOR_EXECUTE_QUERY
4675069:SQL_EDITOR_EXECUTE_QUERY
4675069:SQL_EDITOR_EXECUTE_QUERY
4676652:SQL_EDITOR_EXECUTE_QUERY
4676652:SQL_EDITOR_EXECUTE_QUERY
4678148:SQL_EDITOR_EXECUTE_QUERY
4678148:SQL_EDITOR_EXECUTE_QUERY
4687748:SQL_EDITOR_EXECUTE_QUERY
4687748:SQL_EDITOR_EXECUTE_QUERY
4722922:SQL_EDITOR_EXECUTE_QUERY
4722922:SQL_EDITOR_EXECUTE_QUERY
4739354:SQL_EDITOR_EXECUTE_QUERY
4739354:SQL_EDITOR_EXECUTE_QUERY
4951378:SQL_EDITOR_EXECUTE_QUERY
4951378:SQL_EDITOR_EXECUTE_QUERY
5053986:SQL_EDITOR_EXECUTE_QUERY
5053986:SQL_EDITOR_EXECUTE_QUERY
5128498:SQL_EDITOR_EXECUTE_QUERY
5128498:SQL_EDITOR_EXECUTE_QUERY
5132914:SQL_EDITOR_EXECUTE_QUERY
5132914:SQL_EDITOR_EXECUTE_QUERY
5139930:SQL_EDITOR_EXECUTE_QUERY
5139930:SQL_EDITOR_EXECUTE_QUERY
5140073:SQL_EDITOR_EXECUTE_QUERY
5140073:SQL_EDITOR_EXECUTE_QUERY
5154530:SQL_EDITOR_EXECUTE_QUERY
5154530:SQL_EDITOR_EXECUTE_QUERY
5191754:SQL_EDITOR_EXECUTE_QUERY
5191754:SQL_EDITOR_EXECUTE_QUERY
5201155:SQL_EDITOR_EXECUTE_QUERY
5201155:SQL_EDITOR_EXECUTE_QUERY
5244642:SQL_EDITOR_EXECUTE_QUERY
5244642:SQL_EDITOR_EXECUTE_QUERY
5253834:SQL_EDITOR_EXECUTE_QUERY
5253834:SQL_EDITOR_EXECUTE_QUERY
5258170:SQL_EDITOR_EXECUTE_QUERY
5258170:SQL_EDITOR_EXECUTE_QUERY
5269810:SQL_EDITOR_EXECUTE_QUERY
5269810:SQL_EDITOR_EXECUTE_QUERY
5284211:SQL_EDITOR_EXECUTE_QUERY
5284211:SQL_EDITOR_EXECUTE_QUERY
5296491:SQL_EDITOR_EXECUTE_QUERY
5296491:SQL_EDITOR_EXECUTE_QUERY
5302194:SQL_EDITOR_EXECUTE_QUERY
5302194:SQL_EDITOR_EXECUTE_QUERY
5310634:SQL_EDITOR_EXECUTE_QUERY
5310634:SQL_EDITOR_EXECUTE_QUERY
5648597:SQL_EDITOR_OPEN:driver=sqlite:sqlite_jdbc
5658826:SQL_SCRIPT_NEW
5658826:SQL_SCRIPT_NEW
5659024:SQL_EDITOR_OPEN:driver=sqlite:sqlite_jdbc
5668050:SQL_EDITOR_EXECUTE_QUERY
5668050:SQL_EDITOR_EXECUTE_QUERY
5837400:SQL_EDITOR_EXECUTE_QUERY
5837400:SQL_EDITOR_EXECUTE_QUERY
5851191:SQL_EDITOR_EXECUTE_QUERY
5851191:SQL_EDITOR_EXECUTE_QUERY
5856320:SQL_EDITOR_EXECUTE_QUERY
5856320:SQL_EDITOR_EXECUTE_QUERY
5883311:SQL_EDITOR_EXECUTE_QUERY
5883311:SQL_EDITOR_EXECUTE_QUERY
5887366:SQL_EDITOR_EXECUTE_QUERY
5887366:SQL_EDITOR_EXECUTE_QUERY
5921398:SQL_EDITOR_EXECUTE_QUERY
5921398:SQL_EDITOR_EXECUTE_QUERY
6106518:SQL_EDITOR_EXECUTE_QUERY
6106518:SQL_EDITOR_EXECUTE_QUERY
6273006:SQL_EDITOR_EXECUTE_QUERY
6273006:SQL_EDITOR_EXECUTE_QUERY
6282798:SQL_EDITOR_EXECUTE_QUERY
6282798:SQL_EDITOR_EXECUTE_QUERY
6295326:SQL_EDITOR_EXECUTE_QUERY
6295326:SQL_EDITOR_EXECUTE_QUERY
6314482:RESULT_SET_SCROLL
6347134:SQL_EDITOR_EXECUTE_QUERY
6347134:SQL_EDITOR_EXECUTE_QUERY
6368766:SQL_EDITOR_EXECUTE_SCRIPT
6368766:SQL_EDITOR_EXECUTE_SCRIPT
6371814:SQL_EDITOR_EXECUTE_QUERY
6371814:SQL_EDITOR_EXECUTE_QUERY
6382574:SQL_EDITOR_EXECUTE_QUERY
6382574:SQL_EDITOR_EXECUTE_QUERY
7239308:SQL_EDITOR_OPEN:driver=sqlite:sqlite_jdbc
7288115:SQL_EDITOR_EXECUTE_QUERY
7288115:SQL_EDITOR_EXECUTE_QUERY
7289907:SQL_EDITOR_EXECUTE_QUERY
7289907:SQL_EDITOR_EXECUTE_QUERY
7315778:SQL_EDITOR_EXECUTE_QUERY
7315778:SQL_EDITOR_EXECUTE_QUERY
7331922:SQL_EDITOR_EXECUTE_QUERY
7331922:SQL_EDITOR_EXECUTE_QUERY
7346387:SQL_EDITOR_EXECUTE_QUERY
7346387:SQL_EDITOR_EXECUTE_QUERY
7392754:SQL_EDITOR_EXECUTE_QUERY
7392754:SQL_EDITOR_EXECUTE_QUERY
7401723:SQL_EDITOR_EXECUTE_QUERY
7401723:SQL_EDITOR_EXECUTE_QUERY
7436090:SQL_EDITOR_EXECUTE_QUERY
7436091:SQL_EDITOR_EXECUTE_QUERY
7437395:SQL_EDITOR_EXECUTE_QUERY
7437395:SQL_EDITOR_EXECUTE_QUERY
7439154:SQL_EDITOR_EXECUTE_QUERY
7439154:SQL_EDITOR_EXECUTE_QUERY
7441379:SQL_EDITOR_EXECUTE_QUERY
7441379:SQL_EDITOR_EXECUTE_QUERY
7458795:SQL_EDITOR_EXECUTE_QUERY
7458795:SQL_EDITOR_EXECUTE_QUERY
7581091:SQL_EDITOR_EXECUTE_QUERY
7581091:SQL_EDITOR_EXECUTE_QUERY
7614611:SQL_EDITOR_EXECUTE_QUERY
7614611:SQL_EDITOR_EXECUTE_QUERY
7631211:SQL_EDITOR_EXECUTE_QUERY
7631211:SQL_EDITOR_EXECUTE_QUERY
7650723:SQL_EDITOR_EXECUTE_QUERY
7650723:SQL_EDITOR_EXECUTE_QUERY
7658219:SQL_EDITOR_EXECUTE_QUERY
7658219:SQL_EDITOR_EXECUTE_QUERY
7665267:SQL_EDITOR_EXECUTE_QUERY
7665267:SQL_EDITOR_EXECUTE_QUERY
7694827:SQL_EDITOR_EXECUTE_QUERY
7694827:SQL_EDITOR_EXECUTE_QUERY
7696627:SQL_EDITOR_EXECUTE_QUERY
7696627:SQL_EDITOR_EXECUTE_QUERY
7707763:SQL_EDITOR_EXECUTE_QUERY
7707763:SQL_EDITOR_EXECUTE_QUERY
7966185:SQL_SCRIPT_NEW
7966185:SQL_SCRIPT_NEW
7966408:SQL_EDITOR_OPEN:driver=sqlite:sqlite_jdbc
8063979:SQL_EDITOR_EXECUTE_QUERY
8063979:SQL_EDITOR_EXECUTE_QUERY
8095891:SQL_EDITOR_EXECUTE_QUERY
8095891:SQL_EDITOR_EXECUTE_QUERY
8689939:SQL_EDITOR_EXECUTE_QUERY
8689939:SQL_EDITOR_EXECUTE_QUERY
8712211:SQL_EDITOR_EXECUTE_QUERY
8712211:SQL_EDITOR_EXECUTE_QUERY
8776857:SQL_EDITOR_EXECUTE_QUERY
8776857:SQL_EDITOR_EXECUTE_QUERY
8976914:SQL_EDITOR_EXECUTE_QUERY
8976914:SQL_EDITOR_EXECUTE_QUERY
9154959:SQL_EDITOR_EXECUTE_QUERY
9154960:SQL_EDITOR_EXECUTE_QUERY
9169311:SQL_EDITOR_EXECUTE_QUERY
9169311:SQL_EDITOR_EXECUTE_QUERY
9179247:SQL_EDITOR_EXECUTE_QUERY
9179247:SQL_EDITOR_EXECUTE_QUERY
9227510:SQL_EDITOR_EXECUTE_QUERY
9227510:SQL_EDITOR_EXECUTE_QUERY
9329659:SQL_EDITOR_OPEN:driver=sqlite:sqlite_jdbc
9392460:SQL_EDITOR_EXECUTE_QUERY
9392460:SQL_EDITOR_EXECUTE_QUERY
9415683:SQL_EDITOR_EXECUTE_QUERY
9415683:SQL_EDITOR_EXECUTE_QUERY
9470172:SQL_EDITOR_EXECUTE_QUERY
9470172:SQL_EDITOR_EXECUTE_QUERY
9479524:SQL_EDITOR_EXECUTE_QUERY
9479524:SQL_EDITOR_EXECUTE_QUERY
9498364:SQL_EDITOR_EXECUTE_QUERY
9498364:SQL_EDITOR_EXECUTE_QUERY
9529259:SQL_EDITOR_EXECUTE_QUERY
9529259:SQL_EDITOR_EXECUTE_QUERY
9546651:SQL_EDITOR_EXECUTE_QUERY
9546651:SQL_EDITOR_EXECUTE_QUERY
9565427:SQL_EDITOR_EXECUTE_QUERY
9565427:SQL_EDITOR_EXECUTE_QUERY
9581483:SQL_EDITOR_EXECUTE_QUERY
9581483:SQL_EDITOR_EXECUTE_QUERY
9664307:SQL_EDITOR_EXECUTE_QUERY
9664307:SQL_EDITOR_EXECUTE_QUERY
9677642:SQL_EDITOR_EXECUTE_QUERY
9677642:SQL_EDITOR_EXECUTE_QUERY
9761556:SQL_EDITOR_OPEN:driver=sqlite:sqlite_jdbc
9848689:SQL_SCRIPT_NEW
9848689:SQL_SCRIPT_NEW
9848906:SQL_EDITOR_OPEN:driver=sqlite:sqlite_jdbc
9863108:SQL_EDITOR_OPEN:driver=sqlite:sqlite_jdbc
10163132:SQL_EDITOR_OPEN:driver=sqlite:sqlite_jdbc
10192002:SQL_EDITOR_EXECUTE_QUERY
10192002:SQL_EDITOR_EXECUTE_QUERY
10195434:SQL_EDITOR_EXECUTE_QUERY
10195434:SQL_EDITOR_EXECUTE_QUERY
10241074:SQL_EDITOR_EXECUTE_QUERY
10241075:SQL_EDITOR_EXECUTE_QUERY
10256242:SQL_EDITOR_EXECUTE_QUERY
10256242:SQL_EDITOR_EXECUTE_QUERY
10285330:SQL_EDITOR_EXECUTE_QUERY
10285330:SQL_EDITOR_EXECUTE_QUERY
10633820:SQL_SCRIPT_NEW
10633820:SQL_SCRIPT_NEW
10634110:SQL_EDITOR_OPEN:driver=sqlite:sqlite_jdbc
10664242:SQL_EDITOR_OPEN:driver=sqlite:sqlite_jdbc
10814586:SQL_EDITOR_EXECUTE_QUERY
10814586:SQL_EDITOR_EXECUTE_QUERY
10881288:SQL_EDITOR_EXECUTE_QUERY
10881289:SQL_EDITOR_EXECUTE_QUERY
10885674:SQL_EDITOR_EXECUTE_QUERY
10885674:SQL_EDITOR_EXECUTE_QUERY
10891234:SQL_EDITOR_EXECUTE_QUERY
10891234:SQL_EDITOR_EXECUTE_QUERY
10910561:SQL_EDITOR_EXECUTE_QUERY
10910561:SQL_EDITOR_EXECUTE_QUERY
10920801:SQL_EDITOR_EXECUTE_QUERY
10920801:SQL_EDITOR_EXECUTE_QUERY
10926065:SQL_EDITOR_EXECUTE_QUERY
10926065:SQL_EDITOR_EXECUTE_QUERY
10934011:RESULT_SET_SCROLL
10969960:SQL_EDITOR_EXECUTE_QUERY
10969960:SQL_EDITOR_EXECUTE_QUERY
10989080:SQL_EDITOR_EXECUTE_QUERY
10989080:SQL_EDITOR_EXECUTE_QUERY
11011256:SQL_EDITOR_EXECUTE_QUERY
11011256:SQL_EDITOR_EXECUTE_QUERY
11015929:SQL_EDITOR_EXECUTE_QUERY
11015929:SQL_EDITOR_EXECUTE_QUERY
11169688:SQL_EDITOR_EXECUTE_QUERY
11169688:SQL_EDITOR_EXECUTE_QUERY
11411838:SQL_EDITOR_EXECUTE_QUERY
11411838:SQL_EDITOR_EXECUTE_QUERY
11429423:SQL_EDITOR_EXECUTE_QUERY
11429423:SQL_EDITOR_EXECUTE_QUERY
11442270:SQL_EDITOR_EXECUTE_QUERY
11442270:SQL_EDITOR_EXECUTE_QUERY
11455127:SQL_EDITOR_EXECUTE_QUERY
11455127:SQL_EDITOR_EXECUTE_QUERY
11463166:SQL_EDITOR_EXECUTE_QUERY
11463166:SQL_EDITOR_EXECUTE_QUERY
11515818:SQL_EDITOR_OPEN:driver=sqlite:sqlite_jdbc
11538765:SQL_EDITOR_OPEN:driver=sqlite:sqlite_jdbc
11546723:SQL_EDITOR_OPEN:driver=sqlite:sqlite_jdbc
11609613:SQL_SCRIPT_NEW
11609614:SQL_SCRIPT_NEW
11609840:SQL_EDITOR_OPEN:driver=sqlite:sqlite_jdbc
11763377:SQL_EDITOR_OPEN:driver=sqlite:sqlite_jdbc
11988286:SQL_EDITOR_OPEN:driver=sqlite:sqlite_jdbc
12000581:SQL_SCRIPT_NEW
12000581:SQL_SCRIPT_NEW
12000833:SQL_EDITOR_OPEN:driver=sqlite:sqlite_jdbc
12096541:SQL_EDITOR_EXECUTE_QUERY
12096541:SQL_EDITOR_EXECUTE_QUERY
12175828:SQL_EDITOR_EXECUTE_QUERY
12175828:SQL_EDITOR_EXECUTE_QUERY
12195684:SQL_EDITOR_EXECUTE_QUERY
12195684:SQL_EDITOR_EXECUTE_QUERY
12220555:SQL_EDITOR_EXECUTE_QUERY
12220555:SQL_EDITOR_EXECUTE_QUERY
12226347:SQL_EDITOR_EXECUTE_QUERY
12226347:SQL_EDITOR_EXECUTE_QUERY
12231707:SQL_EDITOR_EXECUTE_QUERY
12231707:SQL_EDITOR_EXECUTE_QUERY
12235675:SQL_EDITOR_EXECUTE_QUERY
12235675:SQL_EDITOR_EXECUTE_QUERY
12287139:SQL_EDITOR_EXECUTE_QUERY
12287139:SQL_EDITOR_EXECUTE_QUERY
12292906:SQL_EDITOR_EXECUTE_QUERY
12292906:SQL_EDITOR_EXECUTE_QUERY
12295690:SQL_EDITOR_EXECUTE_QUERY
12295690:SQL_EDITOR_EXECUTE_QUERY
12306851:SQL_EDITOR_EXECUTE_QUERY
12306851:SQL_EDITOR_EXECUTE_QUERY
12384298:SQL_EDITOR_OPEN:driver=sqlite:sqlite_jdbc
12393248:SQL_SCRIPT_NEW
12393248:SQL_SCRIPT_NEW
12393476:SQL_EDITOR_OPEN:driver=sqlite:sqlite_jdbc
12494984:SQL_EDITOR_OPEN:driver=sqlite:sqlite_jdbc
12544151:SQL_SCRIPT_NEW
12544151:SQL_SCRIPT_NEW
12544386:SQL_EDITOR_OPEN:driver=sqlite:sqlite_jdbc
12592112:SQL_EDITOR_OPEN:driver=sqlite:sqlite_jdbc
12679200:SQL_EDITOR_EXECUTE_QUERY
12679200:SQL_EDITOR_EXECUTE_QUERY
12717176:SQL_EDITOR_EXECUTE_QUERY
12717176:SQL_EDITOR_EXECUTE_QUERY
12729784:SQL_EDITOR_EXECUTE_QUERY
12729784:SQL_EDITOR_EXECUTE_QUERY
12736879:SQL_EDITOR_EXECUTE_QUERY
12736879:SQL_EDITOR_EXECUTE_QUERY
12786872:SQL_EDITOR_EXECUTE_QUERY
12786872:SQL_EDITOR_EXECUTE_QUERY
12798032:SQL_EDITOR_EXECUTE_QUERY
12798032:SQL_EDITOR_EXECUTE_QUERY
13047911:SQL_EDITOR_EXECUTE_QUERY
13047911:SQL_EDITOR_EXECUTE_QUERY
13051224:SQL_EDITOR_EXECUTE_QUERY
13051224:SQL_EDITOR_EXECUTE_QUERY
13294895:SQL_EDITOR_EXECUTE_QUERY
13294895:SQL_EDITOR_EXECUTE_QUERY
13309607:SQL_EDITOR_EXECUTE_QUERY
13309607:SQL_EDITOR_EXECUTE_QUERY
13363575:SQL_EDITOR_EXECUTE_QUERY
13363575:SQL_EDITOR_EXECUTE_QUERY
13389967:SQL_EDITOR_EXECUTE_QUERY
13389967:SQL_EDITOR_EXECUTE_QUERY
13396983:SQL_EDITOR_EXECUTE_QUERY
13396983:SQL_EDITOR_EXECUTE_QUERY
13486703:SQL_EDITOR_EXECUTE_QUERY
13486703:SQL_EDITOR_EXECUTE_QUERY
13543996:SQL_EDITOR_OPEN:driver=sqlite:sqlite_jdbc
13613072:SQL_EDITOR_EXECUTE_QUERY
13613072:SQL_EDITOR_EXECUTE_QUERY
13614632:SQL_EDITOR_EXECUTE_QUERY
13614632:SQL_EDITOR_EXECUTE_QUERY
13867016:SQL_EDITOR_EXECUTE_QUERY
13867016:SQL_EDITOR_EXECUTE_QUERY
13872319:SQL_EDITOR_EXECUTE_QUERY
13872319:SQL_EDITOR_EXECUTE_QUERY
13874975:SQL_EDITOR_EXECUTE_QUERY
13874975:SQL_EDITOR_EXECUTE_QUERY
13959095:SQL_EDITOR_EXECUTE_QUERY
13959095:SQL_EDITOR_EXECUTE_QUERY
13974400:SQL_EDITOR_EXECUTE_QUERY
13974400:SQL_EDITOR_EXECUTE_QUERY
14110651:SQL_EDITOR_OPEN:driver=sqlite:sqlite_jdbc
14117044:SQL_EDITOR_OPEN:driver=sqlite:sqlite_jdbc
21611936:SQL_EDITOR_EXECUTE_QUERY
21611936:SQL_EDITOR_EXECUTE_QUERY
21642793:SQL_EDITOR_EXECUTE_QUERY
21642793:SQL_EDITOR_EXECUTE_QUERY
21654623:SQL_EDITOR_EXECUTE_QUERY
21654623:SQL_EDITOR_EXECUTE_QUERY
21997384:SQL_EDITOR_EXECUTE_QUERY
21997384:SQL_EDITOR_EXECUTE_QUERY
22000607:SQL_EDITOR_EXECUTE_QUERY
22000607:SQL_EDITOR_EXECUTE_QUERY
22001607:SQL_EDITOR_EXECUTE_QUERY
22001607:SQL_EDITOR_EXECUTE_QUERY
22011294:SQL_EDITOR_EXECUTE_QUERY
22011294:SQL_EDITOR_EXECUTE_QUERY
22014615:SQL_EDITOR_EXECUTE_QUERY
22014615:SQL_EDITOR_EXECUTE_QUERY
22024260:SQL_EDITOR_EXECUTE_QUERY
22024260:SQL_EDITOR_EXECUTE_QUERY
