2024-07-13 07:02:39.697 - DBeaver 24.1.2.202407071610 is starting
2024-07-13 07:02:39.697 - OS: Windows 11 10.0 (amd64)
2024-07-13 07:02:39.697 - Java version: 17.0.6 by Eclipse Adoptium (64bit)
2024-07-13 07:02:39.697 - Install path: 'C:\Users\andrei.domingos\Downloads\dbeaver-ce-24.1.2-win32.win32.x86_64\dbeaver'
2024-07-13 07:02:39.697 - Instance path: 'file:/C:/Users/andrei.domingos/AppData/Roaming/DBeaverData/workspace6/'
2024-07-13 07:02:39.697 - Memory available 64Mb/1024Mb
2024-07-13 07:02:39.712 - Create display
2024-07-13 07:02:39.821 - Initialize desktop platform...
2024-07-13 07:02:39.931 - BounceCastle bundle found. Use JCE provider BC
> Start Core File Systems [org.eclipse.core.filesystem 1.10.400.v20240426-1040]
> Start Core Resource Management [org.eclipse.core.resources 3.20.200.v20240513-1323]
> Start Core de Suporte para Equipe [org.eclipse.team.core 3.10.400.v20240413-1529]
> Start DBeaver UI Navigator [org.jkiss.dbeaver.ui.navigator 1.0.134.202407071610]
2024-07-13 07:02:40.121 - Initialize base platform...
2024-07-13 07:02:40.147 - Platform initialized (326ms)
> Start DBeaver UI Editors - Base [org.jkiss.dbeaver.ui.editors.base 1.0.134.202407071610]
2024-07-13 07:02:40.195 - Starting instance server at http://localhost:59780
2024-07-13 07:02:40.195 - Run workbench
> Start Eclipse e4 Workbench SWT [org.eclipse.e4.ui.workbench.swt 0.17.400.v20240425-0840]
> Start Eclipse Application Services [org.eclipse.e4.core.services 2.4.400.v20240413-1529]
> Start Eclipse UI Application Services [org.eclipse.e4.ui.services 1.6.300.v20231201-1637]
> Start Eclipse e4 Progress View [org.eclipse.e4.ui.progress 0.4.400.v20240424-0956]
> Start Eclipse Bindings Support [org.eclipse.e4.ui.bindings 0.14.400.v20240321-1245]
> Start Eclipse e4 core commands [org.eclipse.e4.core.commands 1.1.400.v20240424-0444]
> Start EMF XML/XMI Persistence [org.eclipse.emf.ecore.xmi 2.37.0.v20231208-1346]
> Start Eclipse CSS SWT Theme Support [org.eclipse.e4.ui.css.swt.theme 0.14.400.v20240424-0956]
> Start Eclipse e4 Workbench Add-ons [org.eclipse.e4.ui.workbench.addons.swt 1.5.400.v20240416-0658]
> Start Eclipse e4 Workbench SWT Renderer [org.eclipse.e4.ui.workbench.renderers.swt 0.16.400.v20240418-1547]
> Start Eclipse Dependency Injection Extensions [org.eclipse.e4.core.di.extensions 0.18.300.v20240413-1529]
> Start Eclipse CSS SWT Support [org.eclipse.e4.ui.css.swt 0.15.400.v20240321-1245]
> Start Editor de Texto Padrão [org.eclipse.ui.editors 3.17.300.v20240524-2010]
> Start Workbench [org.eclipse.ui.workbench.texteditor 3.17.400.v20240524-2010]
2024-07-13 07:02:41.904 - Configure workbench window
> Start DBeaver SQL Model [org.jkiss.dbeaver.model.sql 1.0.124.202407071610]
2024-07-13 07:02:42.076 - Total database drivers: 119 (119)
> Start Core do Sistema de Ajuda [org.eclipse.help 3.10.400.v20240415-0528]
2024-07-13 07:02:42.149 - Create actions
2024-07-13 07:02:42.154 - Disable Eclipse action set 'org.eclipse.ui.edit.text.actionSet.annotationNavigation'
2024-07-13 07:02:42.155 - Disable Eclipse action set 'org.eclipse.ui.WorkingSetActionSet'
2024-07-13 07:02:42.155 - Disable Eclipse action set 'org.eclipse.ui.actionSet.openFiles'
2024-07-13 07:02:42.156 - Create workbench actions
2024-07-13 07:02:42.532 - Initialize workbench window
2024-07-13 07:02:42.539 - Finish initialization
> Start DBeaver UI Editors - Data [org.jkiss.dbeaver.ui.editors.data 1.0.134.202407071610]
> Start DBeaver UI Editors - SQL [org.jkiss.dbeaver.ui.editors.sql 1.0.134.202407071610]
Warning: NLS unused message: FindReplace_title in: org.eclipse.ui.texteditor.EditorMessages
Warning: NLS unused message: FindReplace_Find_label in: org.eclipse.ui.texteditor.EditorMessages
Warning: NLS unused message: FindReplace_Replace_label in: org.eclipse.ui.texteditor.EditorMessages
Warning: NLS unused message: FindReplace_Direction in: org.eclipse.ui.texteditor.EditorMessages
Warning: NLS unused message: FindReplace_ForwardRadioButton_label in: org.eclipse.ui.texteditor.EditorMessages
Warning: NLS unused message: FindReplace_BackwardRadioButton_label in: org.eclipse.ui.texteditor.EditorMessages
Warning: NLS unused message: FindReplace_Scope in: org.eclipse.ui.texteditor.EditorMessages
Warning: NLS unused message: FindReplace_GlobalRadioButton_label in: org.eclipse.ui.texteditor.EditorMessages
Warning: NLS unused message: FindReplace_SelectedRangeRadioButton_label in: org.eclipse.ui.texteditor.EditorMessages
Warning: NLS unused message: FindReplace_Options in: org.eclipse.ui.texteditor.EditorMessages
Warning: NLS unused message: FindReplace_CaseCheckBox_label in: org.eclipse.ui.texteditor.EditorMessages
Warning: NLS unused message: FindReplace_WrapCheckBox_label in: org.eclipse.ui.texteditor.EditorMessages
Warning: NLS unused message: FindReplace_WholeWordCheckBox_label in: org.eclipse.ui.texteditor.EditorMessages
Warning: NLS unused message: FindReplace_RegExCheckbox_label in: org.eclipse.ui.texteditor.EditorMessages
Warning: NLS unused message: FindReplace_FindNextButton_label in: org.eclipse.ui.texteditor.EditorMessages
Warning: NLS unused message: FindReplace_ReplaceFindButton_label in: org.eclipse.ui.texteditor.EditorMessages
Warning: NLS unused message: FindReplace_ReplaceSelectionButton_label in: org.eclipse.ui.texteditor.EditorMessages
Warning: NLS unused message: FindReplace_ReplaceAllButton_label in: org.eclipse.ui.texteditor.EditorMessages
Warning: NLS unused message: FindReplace_SelectAllButton_label in: org.eclipse.ui.texteditor.EditorMessages
Warning: NLS unused message: FindReplace_CloseButton_label in: org.eclipse.ui.texteditor.EditorMessages
Warning: NLS unused message: FindReplace_Status_replacements_label in: org.eclipse.ui.texteditor.EditorMessages
> Start DBeaver SQL Terminal [org.jkiss.dbeaver.ui.editors.sql.terminal 1.0.110.202407071610]
> Start Núcleo de Suporte a Comparação [org.eclipse.compare.core 3.8.500.v20240524-2010]
> Start Internet Connection Management UI [org.eclipse.ui.net 1.5.400.v20240413-1529]
> Start Internet Connection Management [org.eclipse.core.net 1.5.400.v20240413-1529]
> Start DBeaver Sample Database [org.jkiss.dbeaver.ext.sample.database 1.0.171.202407071610]
> Start DBeaver Tip of the day [org.jkiss.dbeaver.ext.ui.tipoftheday 1.0.140.202407071610]
> Start GEF Classic Draw2d [org.eclipse.draw2d 3.16.0.202405290843]
> Start GEF Classic GEF (MVC) [org.eclipse.gef 3.18.0.202405290843]
> Start DBeaver ERD UI [org.jkiss.dbeaver.erd.ui 3.0.94.202407071610]
> Start DBeaver ERD Model [org.jkiss.dbeaver.erd.model 1.0.94.202407071610]
> Start DBeaver Dashboard UI [org.jkiss.dbeaver.ui.dashboard 1.0.131.202407071610]
> Start DBeaver Dashboards Model [org.jkiss.dbeaver.model.dashboard 1.0.7.202407071610]
> Start DBeaver UI Editors - Connections [org.jkiss.dbeaver.ui.editors.connection 1.0.125.202407071610]
> Start Console [org.eclipse.ui.console 3.14.100.v20240429-1358]
> Start Depurar Core [org.eclipse.debug.core 3.21.400.v20240415-0528]
2024-07-13 07:02:44.543 - Connect with 'hermeximport' (sqlite_jdbc-190a8932abc-27cbefdd04fa79c7)
> Start DBeaver JDBC Model [org.jkiss.dbeaver.model.jdbc 1.0.27.202407071610]
> Start DBeaver Generic Plug-in [org.jkiss.dbeaver.ext.generic 2.3.220.202407071610]
> Start DBeaver SQLite Model [org.jkiss.dbeaver.ext.sqlite 1.0.183.202407071610]
2024-07-13 07:02:44.625 - Execution context opened (hermeximport; Main; 0)
2024-07-13 07:02:44.795 - Connected (sqlite_jdbc-190a8932abc-27cbefdd04fa79c7, SQLite JDBC [3.46.0.0])
> Start DBeaver SQL Language Semantic Model [org.jkiss.dbeaver.model.lsm 1.0.29.202407071610]
2024-07-13 07:02:46.802 - Open [https://dbeaver.io/product/version.xml]
> Start DBeaver Data Transfer [org.jkiss.dbeaver.data.transfer 2.0.118.202407071610]
2024-07-13 07:19:54.349 - Error while analyzing query text: alter table drop 
java.lang.UnsupportedOperationException: identifier expected while facing with error
	at org.jkiss.dbeaver.model.sql.semantics.SQLQueryModelContext.collectIdentifier(SQLQueryModelContext.java:375)
	at org.jkiss.dbeaver.model.sql.semantics.SQLQueryModelContext.collectQualifiedName(SQLQueryModelContext.java:471)
	at org.jkiss.dbeaver.model.sql.semantics.SQLQueryModelContext.collectTableName(SQLQueryModelContext.java:452)
	at org.jkiss.dbeaver.model.sql.semantics.SQLQueryModelContext.traverseForIdentifiers(SQLQueryModelContext.java:239)
	at org.jkiss.dbeaver.model.sql.semantics.SQLQueryModelContext.recognizeQuery(SQLQueryModelContext.java:181)
	at org.jkiss.dbeaver.ui.editors.sql.semantics.SQLBackgroundParsingJob.doWork(SQLBackgroundParsingJob.java:519)
	at org.jkiss.dbeaver.ui.editors.sql.semantics.SQLBackgroundParsingJob$1.run(SQLBackgroundParsingJob.java:88)
	at org.jkiss.dbeaver.model.runtime.AbstractJob.run(AbstractJob.java:117)
	at org.eclipse.core.internal.jobs.Worker.run(Worker.java:63)
2024-07-13 07:19:56.878 - Error while analyzing query text: alter table drop column 
java.lang.UnsupportedOperationException: identifier expected while facing with error
	at org.jkiss.dbeaver.model.sql.semantics.SQLQueryModelContext.collectIdentifier(SQLQueryModelContext.java:375)
	at org.jkiss.dbeaver.model.sql.semantics.SQLQueryModelContext.collectQualifiedName(SQLQueryModelContext.java:471)
	at org.jkiss.dbeaver.model.sql.semantics.SQLQueryModelContext.collectTableName(SQLQueryModelContext.java:452)
	at org.jkiss.dbeaver.model.sql.semantics.SQLQueryModelContext.traverseForIdentifiers(SQLQueryModelContext.java:239)
	at org.jkiss.dbeaver.model.sql.semantics.SQLQueryModelContext.recognizeQuery(SQLQueryModelContext.java:181)
	at org.jkiss.dbeaver.ui.editors.sql.semantics.SQLBackgroundParsingJob.doWork(SQLBackgroundParsingJob.java:519)
	at org.jkiss.dbeaver.ui.editors.sql.semantics.SQLBackgroundParsingJob$1.run(SQLBackgroundParsingJob.java:88)
	at org.jkiss.dbeaver.model.runtime.AbstractJob.run(AbstractJob.java:117)
	at org.eclipse.core.internal.jobs.Worker.run(Worker.java:63)
2024-07-13 07:28:28.420 - org.jkiss.dbeaver.model.sql.DBSQLException: Erro SQL [1]: [SQLITE_ERROR] SQL error or missing database (near "where": syntax error)
	at org.jkiss.dbeaver.model.impl.jdbc.exec.JDBCStatementImpl.executeStatement(JDBCStatementImpl.java:133)
	at org.jkiss.dbeaver.ui.editors.sql.execute.SQLQueryJob.executeStatement(SQLQueryJob.java:615)
	at org.jkiss.dbeaver.ui.editors.sql.execute.SQLQueryJob.lambda$2(SQLQueryJob.java:506)
	at org.jkiss.dbeaver.model.exec.DBExecUtils.tryExecuteRecover(DBExecUtils.java:192)
	at org.jkiss.dbeaver.ui.editors.sql.execute.SQLQueryJob.executeSingleQuery(SQLQueryJob.java:525)
	at org.jkiss.dbeaver.ui.editors.sql.execute.SQLQueryJob.run(SQLQueryJob.java:240)
	at org.jkiss.dbeaver.model.runtime.AbstractJob.run(AbstractJob.java:117)
	at org.eclipse.core.internal.jobs.Worker.run(Worker.java:63)
Caused by: org.sqlite.SQLiteException: [SQLITE_ERROR] SQL error or missing database (near "where": syntax error)
	at org.sqlite.core.DB.newSQLException(DB.java:1179)
	at org.sqlite.core.DB.newSQLException(DB.java:1190)
	at org.sqlite.core.DB.throwex(DB.java:1150)
	at org.sqlite.core.NativeDB.prepare_utf8(Native Method)
	at org.sqlite.core.NativeDB.prepare(NativeDB.java:132)
	at org.sqlite.core.DB.prepare(DB.java:264)
	at org.sqlite.jdbc3.JDBC3Statement.lambda$execute$0(JDBC3Statement.java:54)
	at org.sqlite.jdbc3.JDBC3Statement.withConnectionTimeout(JDBC3Statement.java:454)
	at org.sqlite.jdbc3.JDBC3Statement.execute(JDBC3Statement.java:43)
	at org.jkiss.dbeaver.model.impl.jdbc.exec.JDBCStatementImpl.execute(JDBCStatementImpl.java:330)
	at org.jkiss.dbeaver.model.impl.jdbc.exec.JDBCStatementImpl.executeStatement(JDBCStatementImpl.java:131)
	... 7 more
2024-07-13 08:29:59.172 - org.jkiss.dbeaver.model.sql.DBSQLException: Erro SQL [1]: [SQLITE_ERROR] SQL error or missing database (near "database": syntax error)
	at org.jkiss.dbeaver.model.impl.jdbc.exec.JDBCStatementImpl.executeStatement(JDBCStatementImpl.java:133)
	at org.jkiss.dbeaver.ui.editors.sql.execute.SQLQueryJob.executeStatement(SQLQueryJob.java:615)
	at org.jkiss.dbeaver.ui.editors.sql.execute.SQLQueryJob.lambda$2(SQLQueryJob.java:506)
	at org.jkiss.dbeaver.model.exec.DBExecUtils.tryExecuteRecover(DBExecUtils.java:192)
	at org.jkiss.dbeaver.ui.editors.sql.execute.SQLQueryJob.executeSingleQuery(SQLQueryJob.java:525)
	at org.jkiss.dbeaver.ui.editors.sql.execute.SQLQueryJob.run(SQLQueryJob.java:240)
	at org.jkiss.dbeaver.model.runtime.AbstractJob.run(AbstractJob.java:117)
	at org.eclipse.core.internal.jobs.Worker.run(Worker.java:63)
Caused by: org.sqlite.SQLiteException: [SQLITE_ERROR] SQL error or missing database (near "database": syntax error)
	at org.sqlite.core.DB.newSQLException(DB.java:1179)
	at org.sqlite.core.DB.newSQLException(DB.java:1190)
	at org.sqlite.core.DB.throwex(DB.java:1150)
	at org.sqlite.core.NativeDB.prepare_utf8(Native Method)
	at org.sqlite.core.NativeDB.prepare(NativeDB.java:132)
	at org.sqlite.core.DB.prepare(DB.java:264)
	at org.sqlite.jdbc3.JDBC3Statement.lambda$execute$0(JDBC3Statement.java:54)
	at org.sqlite.jdbc3.JDBC3Statement.withConnectionTimeout(JDBC3Statement.java:454)
	at org.sqlite.jdbc3.JDBC3Statement.execute(JDBC3Statement.java:43)
	at org.jkiss.dbeaver.model.impl.jdbc.exec.JDBCStatementImpl.execute(JDBCStatementImpl.java:330)
	at org.jkiss.dbeaver.model.impl.jdbc.exec.JDBCStatementImpl.executeStatement(JDBCStatementImpl.java:131)
	... 7 more
2024-07-13 08:30:18.076 - org.jkiss.dbeaver.model.sql.DBSQLException: Erro SQL [1]: [SQLITE_ERROR] SQL error or missing database (near "DATABASE": syntax error)
	at org.jkiss.dbeaver.model.impl.jdbc.exec.JDBCStatementImpl.executeStatement(JDBCStatementImpl.java:133)
	at org.jkiss.dbeaver.ui.editors.sql.execute.SQLQueryJob.executeStatement(SQLQueryJob.java:615)
	at org.jkiss.dbeaver.ui.editors.sql.execute.SQLQueryJob.lambda$2(SQLQueryJob.java:506)
	at org.jkiss.dbeaver.model.exec.DBExecUtils.tryExecuteRecover(DBExecUtils.java:192)
	at org.jkiss.dbeaver.ui.editors.sql.execute.SQLQueryJob.executeSingleQuery(SQLQueryJob.java:525)
	at org.jkiss.dbeaver.ui.editors.sql.execute.SQLQueryJob.run(SQLQueryJob.java:240)
	at org.jkiss.dbeaver.model.runtime.AbstractJob.run(AbstractJob.java:117)
	at org.eclipse.core.internal.jobs.Worker.run(Worker.java:63)
Caused by: org.sqlite.SQLiteException: [SQLITE_ERROR] SQL error or missing database (near "DATABASE": syntax error)
	at org.sqlite.core.DB.newSQLException(DB.java:1179)
	at org.sqlite.core.DB.newSQLException(DB.java:1190)
	at org.sqlite.core.DB.throwex(DB.java:1150)
	at org.sqlite.core.NativeDB.prepare_utf8(Native Method)
	at org.sqlite.core.NativeDB.prepare(NativeDB.java:132)
	at org.sqlite.core.DB.prepare(DB.java:264)
	at org.sqlite.jdbc3.JDBC3Statement.lambda$execute$0(JDBC3Statement.java:54)
	at org.sqlite.jdbc3.JDBC3Statement.withConnectionTimeout(JDBC3Statement.java:454)
	at org.sqlite.jdbc3.JDBC3Statement.execute(JDBC3Statement.java:43)
	at org.jkiss.dbeaver.model.impl.jdbc.exec.JDBCStatementImpl.execute(JDBCStatementImpl.java:330)
	at org.jkiss.dbeaver.model.impl.jdbc.exec.JDBCStatementImpl.executeStatement(JDBCStatementImpl.java:131)
	... 7 more
2024-07-13 08:30:56.490 - org.jkiss.dbeaver.model.sql.DBSQLException: Erro SQL [1]: [SQLITE_ERROR] SQL error or missing database (near "sqlite3": syntax error)
	at org.jkiss.dbeaver.model.impl.jdbc.exec.JDBCStatementImpl.executeStatement(JDBCStatementImpl.java:133)
	at org.jkiss.dbeaver.ui.editors.sql.execute.SQLQueryJob.executeStatement(SQLQueryJob.java:615)
	at org.jkiss.dbeaver.ui.editors.sql.execute.SQLQueryJob.lambda$2(SQLQueryJob.java:506)
	at org.jkiss.dbeaver.model.exec.DBExecUtils.tryExecuteRecover(DBExecUtils.java:192)
	at org.jkiss.dbeaver.ui.editors.sql.execute.SQLQueryJob.executeSingleQuery(SQLQueryJob.java:525)
	at org.jkiss.dbeaver.ui.editors.sql.execute.SQLQueryJob.run(SQLQueryJob.java:240)
	at org.jkiss.dbeaver.model.runtime.AbstractJob.run(AbstractJob.java:117)
	at org.eclipse.core.internal.jobs.Worker.run(Worker.java:63)
Caused by: org.sqlite.SQLiteException: [SQLITE_ERROR] SQL error or missing database (near "sqlite3": syntax error)
	at org.sqlite.core.DB.newSQLException(DB.java:1179)
	at org.sqlite.core.DB.newSQLException(DB.java:1190)
	at org.sqlite.core.DB.throwex(DB.java:1150)
	at org.sqlite.core.NativeDB.prepare_utf8(Native Method)
	at org.sqlite.core.NativeDB.prepare(NativeDB.java:132)
	at org.sqlite.core.DB.prepare(DB.java:264)
	at org.sqlite.jdbc3.JDBC3Statement.lambda$execute$0(JDBC3Statement.java:54)
	at org.sqlite.jdbc3.JDBC3Statement.withConnectionTimeout(JDBC3Statement.java:454)
	at org.sqlite.jdbc3.JDBC3Statement.execute(JDBC3Statement.java:43)
	at org.jkiss.dbeaver.model.impl.jdbc.exec.JDBCStatementImpl.execute(JDBCStatementImpl.java:330)
	at org.jkiss.dbeaver.model.impl.jdbc.exec.JDBCStatementImpl.executeStatement(JDBCStatementImpl.java:131)
	... 7 more
2024-07-13 08:31:35.779 - org.jkiss.dbeaver.model.sql.DBSQLException: Erro SQL [1]: [SQLITE_ERROR] SQL error or missing database (near "sqlite3": syntax error)
	at org.jkiss.dbeaver.model.impl.jdbc.exec.JDBCStatementImpl.executeStatement(JDBCStatementImpl.java:133)
	at org.jkiss.dbeaver.ui.editors.sql.execute.SQLQueryJob.executeStatement(SQLQueryJob.java:615)
	at org.jkiss.dbeaver.ui.editors.sql.execute.SQLQueryJob.lambda$2(SQLQueryJob.java:506)
	at org.jkiss.dbeaver.model.exec.DBExecUtils.tryExecuteRecover(DBExecUtils.java:192)
	at org.jkiss.dbeaver.ui.editors.sql.execute.SQLQueryJob.executeSingleQuery(SQLQueryJob.java:525)
	at org.jkiss.dbeaver.ui.editors.sql.execute.SQLQueryJob.run(SQLQueryJob.java:240)
	at org.jkiss.dbeaver.model.runtime.AbstractJob.run(AbstractJob.java:117)
	at org.eclipse.core.internal.jobs.Worker.run(Worker.java:63)
Caused by: org.sqlite.SQLiteException: [SQLITE_ERROR] SQL error or missing database (near "sqlite3": syntax error)
	at org.sqlite.core.DB.newSQLException(DB.java:1179)
	at org.sqlite.core.DB.newSQLException(DB.java:1190)
	at org.sqlite.core.DB.throwex(DB.java:1150)
	at org.sqlite.core.NativeDB.prepare_utf8(Native Method)
	at org.sqlite.core.NativeDB.prepare(NativeDB.java:132)
	at org.sqlite.core.DB.prepare(DB.java:264)
	at org.sqlite.jdbc3.JDBC3Statement.lambda$execute$0(JDBC3Statement.java:54)
	at org.sqlite.jdbc3.JDBC3Statement.withConnectionTimeout(JDBC3Statement.java:454)
	at org.sqlite.jdbc3.JDBC3Statement.execute(JDBC3Statement.java:43)
	at org.jkiss.dbeaver.model.impl.jdbc.exec.JDBCStatementImpl.execute(JDBCStatementImpl.java:330)
	at org.jkiss.dbeaver.model.impl.jdbc.exec.JDBCStatementImpl.executeStatement(JDBCStatementImpl.java:131)
	... 7 more
2024-07-13 08:31:55.882 - org.jkiss.dbeaver.model.sql.DBSQLException: Erro SQL [1]: [SQLITE_ERROR] SQL error or missing database (near "sqlite3": syntax error)
	at org.jkiss.dbeaver.model.impl.jdbc.exec.JDBCStatementImpl.executeStatement(JDBCStatementImpl.java:133)
	at org.jkiss.dbeaver.ui.editors.sql.execute.SQLQueryJob.executeStatement(SQLQueryJob.java:615)
	at org.jkiss.dbeaver.ui.editors.sql.execute.SQLQueryJob.lambda$2(SQLQueryJob.java:506)
	at org.jkiss.dbeaver.model.exec.DBExecUtils.tryExecuteRecover(DBExecUtils.java:192)
	at org.jkiss.dbeaver.ui.editors.sql.execute.SQLQueryJob.executeSingleQuery(SQLQueryJob.java:525)
	at org.jkiss.dbeaver.ui.editors.sql.execute.SQLQueryJob.run(SQLQueryJob.java:240)
	at org.jkiss.dbeaver.model.runtime.AbstractJob.run(AbstractJob.java:117)
	at org.eclipse.core.internal.jobs.Worker.run(Worker.java:63)
Caused by: org.sqlite.SQLiteException: [SQLITE_ERROR] SQL error or missing database (near "sqlite3": syntax error)
	at org.sqlite.core.DB.newSQLException(DB.java:1179)
	at org.sqlite.core.DB.newSQLException(DB.java:1190)
	at org.sqlite.core.DB.throwex(DB.java:1150)
	at org.sqlite.core.NativeDB.prepare_utf8(Native Method)
	at org.sqlite.core.NativeDB.prepare(NativeDB.java:132)
	at org.sqlite.core.DB.prepare(DB.java:264)
	at org.sqlite.jdbc3.JDBC3Statement.lambda$execute$0(JDBC3Statement.java:54)
	at org.sqlite.jdbc3.JDBC3Statement.withConnectionTimeout(JDBC3Statement.java:454)
	at org.sqlite.jdbc3.JDBC3Statement.execute(JDBC3Statement.java:43)
	at org.jkiss.dbeaver.model.impl.jdbc.exec.JDBCStatementImpl.execute(JDBCStatementImpl.java:330)
	at org.jkiss.dbeaver.model.impl.jdbc.exec.JDBCStatementImpl.executeStatement(JDBCStatementImpl.java:131)
	... 7 more
2024-07-13 08:32:17.616 - org.jkiss.dbeaver.model.sql.DBSQLException: Erro SQL [1]: [SQLITE_ERROR] SQL error or missing database (near "SCHEMA": syntax error)
	at org.jkiss.dbeaver.model.impl.jdbc.exec.JDBCStatementImpl.executeStatement(JDBCStatementImpl.java:133)
	at org.jkiss.dbeaver.ui.editors.sql.execute.SQLQueryJob.executeStatement(SQLQueryJob.java:615)
	at org.jkiss.dbeaver.ui.editors.sql.execute.SQLQueryJob.lambda$2(SQLQueryJob.java:506)
	at org.jkiss.dbeaver.model.exec.DBExecUtils.tryExecuteRecover(DBExecUtils.java:192)
	at org.jkiss.dbeaver.ui.editors.sql.execute.SQLQueryJob.executeSingleQuery(SQLQueryJob.java:525)
	at org.jkiss.dbeaver.ui.editors.sql.execute.SQLQueryJob.run(SQLQueryJob.java:240)
	at org.jkiss.dbeaver.model.runtime.AbstractJob.run(AbstractJob.java:117)
	at org.eclipse.core.internal.jobs.Worker.run(Worker.java:63)
Caused by: org.sqlite.SQLiteException: [SQLITE_ERROR] SQL error or missing database (near "SCHEMA": syntax error)
	at org.sqlite.core.DB.newSQLException(DB.java:1179)
	at org.sqlite.core.DB.newSQLException(DB.java:1190)
	at org.sqlite.core.DB.throwex(DB.java:1150)
	at org.sqlite.core.NativeDB.prepare_utf8(Native Method)
	at org.sqlite.core.NativeDB.prepare(NativeDB.java:132)
	at org.sqlite.core.DB.prepare(DB.java:264)
	at org.sqlite.jdbc3.JDBC3Statement.lambda$execute$0(JDBC3Statement.java:54)
	at org.sqlite.jdbc3.JDBC3Statement.withConnectionTimeout(JDBC3Statement.java:454)
	at org.sqlite.jdbc3.JDBC3Statement.execute(JDBC3Statement.java:43)
	at org.jkiss.dbeaver.model.impl.jdbc.exec.JDBCStatementImpl.execute(JDBCStatementImpl.java:330)
	at org.jkiss.dbeaver.model.impl.jdbc.exec.JDBCStatementImpl.executeStatement(JDBCStatementImpl.java:131)
	... 7 more
2024-07-13 08:35:29.281 - Error while analyzing query text: ALTER TABLE 
java.lang.NullPointerException: Cannot invoke "org.jkiss.dbeaver.model.stm.STMTreeNode.getNodeName()" because "node" is null
	at org.jkiss.dbeaver.model.sql.semantics.SQLQueryModelContext.collectIdentifier(SQLQueryModelContext.java:373)
	at org.jkiss.dbeaver.model.sql.semantics.SQLQueryModelContext.collectQualifiedName(SQLQueryModelContext.java:471)
	at org.jkiss.dbeaver.model.sql.semantics.SQLQueryModelContext.collectTableName(SQLQueryModelContext.java:452)
	at org.jkiss.dbeaver.model.sql.semantics.SQLQueryModelContext.traverseForIdentifiers(SQLQueryModelContext.java:239)
	at org.jkiss.dbeaver.model.sql.semantics.SQLQueryModelContext.recognizeQuery(SQLQueryModelContext.java:181)
	at org.jkiss.dbeaver.ui.editors.sql.semantics.SQLBackgroundParsingJob.doWork(SQLBackgroundParsingJob.java:519)
	at org.jkiss.dbeaver.ui.editors.sql.semantics.SQLBackgroundParsingJob$1.run(SQLBackgroundParsingJob.java:88)
	at org.jkiss.dbeaver.model.runtime.AbstractJob.run(AbstractJob.java:117)
	at org.eclipse.core.internal.jobs.Worker.run(Worker.java:63)
2024-07-13 08:37:37.346 - org.jkiss.dbeaver.model.sql.DBSQLException: Erro SQL [1]: [SQLITE_ERROR] SQL error or missing database (duplicate column name: Endereço)
	at org.jkiss.dbeaver.model.impl.jdbc.exec.JDBCStatementImpl.executeStatement(JDBCStatementImpl.java:133)
	at org.jkiss.dbeaver.ui.editors.sql.execute.SQLQueryJob.executeStatement(SQLQueryJob.java:615)
	at org.jkiss.dbeaver.ui.editors.sql.execute.SQLQueryJob.lambda$2(SQLQueryJob.java:506)
	at org.jkiss.dbeaver.model.exec.DBExecUtils.tryExecuteRecover(DBExecUtils.java:192)
	at org.jkiss.dbeaver.ui.editors.sql.execute.SQLQueryJob.executeSingleQuery(SQLQueryJob.java:525)
	at org.jkiss.dbeaver.ui.editors.sql.execute.SQLQueryJob.run(SQLQueryJob.java:240)
	at org.jkiss.dbeaver.model.runtime.AbstractJob.run(AbstractJob.java:117)
	at org.eclipse.core.internal.jobs.Worker.run(Worker.java:63)
Caused by: org.sqlite.SQLiteException: [SQLITE_ERROR] SQL error or missing database (duplicate column name: Endereço)
	at org.sqlite.core.DB.newSQLException(DB.java:1179)
	at org.sqlite.core.DB.newSQLException(DB.java:1190)
	at org.sqlite.core.DB.throwex(DB.java:1150)
	at org.sqlite.core.NativeDB.prepare_utf8(Native Method)
	at org.sqlite.core.NativeDB.prepare(NativeDB.java:132)
	at org.sqlite.core.DB.prepare(DB.java:264)
	at org.sqlite.jdbc3.JDBC3Statement.lambda$execute$0(JDBC3Statement.java:54)
	at org.sqlite.jdbc3.JDBC3Statement.withConnectionTimeout(JDBC3Statement.java:454)
	at org.sqlite.jdbc3.JDBC3Statement.execute(JDBC3Statement.java:43)
	at org.jkiss.dbeaver.model.impl.jdbc.exec.JDBCStatementImpl.execute(JDBCStatementImpl.java:330)
	at org.jkiss.dbeaver.model.impl.jdbc.exec.JDBCStatementImpl.executeStatement(JDBCStatementImpl.java:131)
	... 7 more
2024-07-13 08:37:44.084 - org.jkiss.dbeaver.model.sql.DBSQLException: Erro SQL [1]: [SQLITE_ERROR] SQL error or missing database (duplicate column name: Endereço)
	at org.jkiss.dbeaver.model.impl.jdbc.exec.JDBCStatementImpl.executeStatement(JDBCStatementImpl.java:133)
	at org.jkiss.dbeaver.ui.editors.sql.execute.SQLQueryJob.executeStatement(SQLQueryJob.java:615)
	at org.jkiss.dbeaver.ui.editors.sql.execute.SQLQueryJob.lambda$2(SQLQueryJob.java:506)
	at org.jkiss.dbeaver.model.exec.DBExecUtils.tryExecuteRecover(DBExecUtils.java:192)
	at org.jkiss.dbeaver.ui.editors.sql.execute.SQLQueryJob.executeSingleQuery(SQLQueryJob.java:525)
	at org.jkiss.dbeaver.ui.editors.sql.execute.SQLQueryJob.run(SQLQueryJob.java:240)
	at org.jkiss.dbeaver.model.runtime.AbstractJob.run(AbstractJob.java:117)
	at org.eclipse.core.internal.jobs.Worker.run(Worker.java:63)
Caused by: org.sqlite.SQLiteException: [SQLITE_ERROR] SQL error or missing database (duplicate column name: Endereço)
	at org.sqlite.core.DB.newSQLException(DB.java:1179)
	at org.sqlite.core.DB.newSQLException(DB.java:1190)
	at org.sqlite.core.DB.throwex(DB.java:1150)
	at org.sqlite.core.NativeDB.prepare_utf8(Native Method)
	at org.sqlite.core.NativeDB.prepare(NativeDB.java:132)
	at org.sqlite.core.DB.prepare(DB.java:264)
	at org.sqlite.jdbc3.JDBC3Statement.lambda$execute$0(JDBC3Statement.java:54)
	at org.sqlite.jdbc3.JDBC3Statement.withConnectionTimeout(JDBC3Statement.java:454)
	at org.sqlite.jdbc3.JDBC3Statement.execute(JDBC3Statement.java:43)
	at org.jkiss.dbeaver.model.impl.jdbc.exec.JDBCStatementImpl.execute(JDBCStatementImpl.java:330)
	at org.jkiss.dbeaver.model.impl.jdbc.exec.JDBCStatementImpl.executeStatement(JDBCStatementImpl.java:131)
	... 7 more
2024-07-13 08:38:24.026 - Error while analyzing query text: alter table 
java.lang.NullPointerException: Cannot invoke "org.jkiss.dbeaver.model.stm.STMTreeNode.getNodeName()" because "node" is null
	at org.jkiss.dbeaver.model.sql.semantics.SQLQueryModelContext.collectIdentifier(SQLQueryModelContext.java:373)
	at org.jkiss.dbeaver.model.sql.semantics.SQLQueryModelContext.collectQualifiedName(SQLQueryModelContext.java:471)
	at org.jkiss.dbeaver.model.sql.semantics.SQLQueryModelContext.collectTableName(SQLQueryModelContext.java:452)
	at org.jkiss.dbeaver.model.sql.semantics.SQLQueryModelContext.traverseForIdentifiers(SQLQueryModelContext.java:239)
	at org.jkiss.dbeaver.model.sql.semantics.SQLQueryModelContext.recognizeQuery(SQLQueryModelContext.java:181)
	at org.jkiss.dbeaver.ui.editors.sql.semantics.SQLBackgroundParsingJob.doWork(SQLBackgroundParsingJob.java:519)
	at org.jkiss.dbeaver.ui.editors.sql.semantics.SQLBackgroundParsingJob$1.run(SQLBackgroundParsingJob.java:88)
	at org.jkiss.dbeaver.model.runtime.AbstractJob.run(AbstractJob.java:117)
	at org.eclipse.core.internal.jobs.Worker.run(Worker.java:63)
2024-07-13 08:38:27.358 - Error while analyzing query text: alter table drop co
java.lang.UnsupportedOperationException
	at org.jkiss.dbeaver.model.stm.STMTreeNode.getStmChild(STMTreeNode.java:93)
	at org.jkiss.dbeaver.model.stm.STMTreeNode.getLastStmtChild(STMTreeNode.java:101)
	at org.jkiss.dbeaver.model.sql.semantics.SQLQueryModelContext.collectQualifiedName(SQLQueryModelContext.java:477)
	at org.jkiss.dbeaver.model.sql.semantics.SQLQueryModelContext.collectTableName(SQLQueryModelContext.java:452)
	at org.jkiss.dbeaver.model.sql.semantics.SQLQueryModelContext.traverseForIdentifiers(SQLQueryModelContext.java:239)
	at org.jkiss.dbeaver.model.sql.semantics.SQLQueryModelContext.recognizeQuery(SQLQueryModelContext.java:181)
	at org.jkiss.dbeaver.ui.editors.sql.semantics.SQLBackgroundParsingJob.doWork(SQLBackgroundParsingJob.java:519)
	at org.jkiss.dbeaver.ui.editors.sql.semantics.SQLBackgroundParsingJob$1.run(SQLBackgroundParsingJob.java:88)
	at org.jkiss.dbeaver.model.runtime.AbstractJob.run(AbstractJob.java:117)
	at org.eclipse.core.internal.jobs.Worker.run(Worker.java:63)
2024-07-13 08:38:28.848 - Error while analyzing query text: alter table drop column 
java.lang.UnsupportedOperationException: identifier expected while facing with error
	at org.jkiss.dbeaver.model.sql.semantics.SQLQueryModelContext.collectIdentifier(SQLQueryModelContext.java:375)
	at org.jkiss.dbeaver.model.sql.semantics.SQLQueryModelContext.collectQualifiedName(SQLQueryModelContext.java:471)
	at org.jkiss.dbeaver.model.sql.semantics.SQLQueryModelContext.collectTableName(SQLQueryModelContext.java:452)
	at org.jkiss.dbeaver.model.sql.semantics.SQLQueryModelContext.traverseForIdentifiers(SQLQueryModelContext.java:239)
	at org.jkiss.dbeaver.model.sql.semantics.SQLQueryModelContext.recognizeQuery(SQLQueryModelContext.java:181)
	at org.jkiss.dbeaver.ui.editors.sql.semantics.SQLBackgroundParsingJob.doWork(SQLBackgroundParsingJob.java:519)
	at org.jkiss.dbeaver.ui.editors.sql.semantics.SQLBackgroundParsingJob$1.run(SQLBackgroundParsingJob.java:88)
	at org.jkiss.dbeaver.model.runtime.AbstractJob.run(AbstractJob.java:117)
	at org.eclipse.core.internal.jobs.Worker.run(Worker.java:63)
2024-07-13 08:38:30.362 - Error while analyzing query text: alter table drop column E
java.lang.UnsupportedOperationException: identifier expected while facing with error
	at org.jkiss.dbeaver.model.sql.semantics.SQLQueryModelContext.collectIdentifier(SQLQueryModelContext.java:375)
	at org.jkiss.dbeaver.model.sql.semantics.SQLQueryModelContext.collectQualifiedName(SQLQueryModelContext.java:471)
	at org.jkiss.dbeaver.model.sql.semantics.SQLQueryModelContext.collectTableName(SQLQueryModelContext.java:452)
	at org.jkiss.dbeaver.model.sql.semantics.SQLQueryModelContext.traverseForIdentifiers(SQLQueryModelContext.java:239)
	at org.jkiss.dbeaver.model.sql.semantics.SQLQueryModelContext.recognizeQuery(SQLQueryModelContext.java:181)
	at org.jkiss.dbeaver.ui.editors.sql.semantics.SQLBackgroundParsingJob.doWork(SQLBackgroundParsingJob.java:519)
	at org.jkiss.dbeaver.ui.editors.sql.semantics.SQLBackgroundParsingJob$1.run(SQLBackgroundParsingJob.java:88)
	at org.jkiss.dbeaver.model.runtime.AbstractJob.run(AbstractJob.java:117)
	at org.eclipse.core.internal.jobs.Worker.run(Worker.java:63)
2024-07-13 08:38:32.171 - Error while analyzing query text: alter table drop column ''
java.lang.UnsupportedOperationException: identifier expected while facing with error
	at org.jkiss.dbeaver.model.sql.semantics.SQLQueryModelContext.collectIdentifier(SQLQueryModelContext.java:375)
	at org.jkiss.dbeaver.model.sql.semantics.SQLQueryModelContext.collectQualifiedName(SQLQueryModelContext.java:471)
	at org.jkiss.dbeaver.model.sql.semantics.SQLQueryModelContext.collectTableName(SQLQueryModelContext.java:452)
	at org.jkiss.dbeaver.model.sql.semantics.SQLQueryModelContext.traverseForIdentifiers(SQLQueryModelContext.java:239)
	at org.jkiss.dbeaver.model.sql.semantics.SQLQueryModelContext.recognizeQuery(SQLQueryModelContext.java:181)
	at org.jkiss.dbeaver.ui.editors.sql.semantics.SQLBackgroundParsingJob.doWork(SQLBackgroundParsingJob.java:519)
	at org.jkiss.dbeaver.ui.editors.sql.semantics.SQLBackgroundParsingJob$1.run(SQLBackgroundParsingJob.java:88)
	at org.jkiss.dbeaver.model.runtime.AbstractJob.run(AbstractJob.java:117)
	at org.eclipse.core.internal.jobs.Worker.run(Worker.java:63)
2024-07-13 08:38:34.599 - Error while analyzing query text: alter table drop column 'Ende'
java.lang.UnsupportedOperationException: identifier expected while facing with error
	at org.jkiss.dbeaver.model.sql.semantics.SQLQueryModelContext.collectIdentifier(SQLQueryModelContext.java:375)
	at org.jkiss.dbeaver.model.sql.semantics.SQLQueryModelContext.collectQualifiedName(SQLQueryModelContext.java:471)
	at org.jkiss.dbeaver.model.sql.semantics.SQLQueryModelContext.collectTableName(SQLQueryModelContext.java:452)
	at org.jkiss.dbeaver.model.sql.semantics.SQLQueryModelContext.traverseForIdentifiers(SQLQueryModelContext.java:239)
	at org.jkiss.dbeaver.model.sql.semantics.SQLQueryModelContext.recognizeQuery(SQLQueryModelContext.java:181)
	at org.jkiss.dbeaver.ui.editors.sql.semantics.SQLBackgroundParsingJob.doWork(SQLBackgroundParsingJob.java:519)
	at org.jkiss.dbeaver.ui.editors.sql.semantics.SQLBackgroundParsingJob$1.run(SQLBackgroundParsingJob.java:88)
	at org.jkiss.dbeaver.model.runtime.AbstractJob.run(AbstractJob.java:117)
	at org.eclipse.core.internal.jobs.Worker.run(Worker.java:63)
2024-07-13 08:38:40.978 - Error while analyzing query text: alter table drop column 'Endereço do Client'
java.lang.UnsupportedOperationException: identifier expected while facing with error
	at org.jkiss.dbeaver.model.sql.semantics.SQLQueryModelContext.collectIdentifier(SQLQueryModelContext.java:375)
	at org.jkiss.dbeaver.model.sql.semantics.SQLQueryModelContext.collectQualifiedName(SQLQueryModelContext.java:471)
	at org.jkiss.dbeaver.model.sql.semantics.SQLQueryModelContext.collectTableName(SQLQueryModelContext.java:452)
	at org.jkiss.dbeaver.model.sql.semantics.SQLQueryModelContext.traverseForIdentifiers(SQLQueryModelContext.java:239)
	at org.jkiss.dbeaver.model.sql.semantics.SQLQueryModelContext.recognizeQuery(SQLQueryModelContext.java:181)
	at org.jkiss.dbeaver.ui.editors.sql.semantics.SQLBackgroundParsingJob.doWork(SQLBackgroundParsingJob.java:519)
	at org.jkiss.dbeaver.ui.editors.sql.semantics.SQLBackgroundParsingJob$1.run(SQLBackgroundParsingJob.java:88)
	at org.jkiss.dbeaver.model.runtime.AbstractJob.run(AbstractJob.java:117)
	at org.eclipse.core.internal.jobs.Worker.run(Worker.java:63)
2024-07-13 08:38:44.523 - org.jkiss.dbeaver.model.sql.DBSQLException: Erro SQL [1]: [SQLITE_ERROR] SQL error or missing database (near "drop": syntax error)
	at org.jkiss.dbeaver.model.impl.jdbc.exec.JDBCStatementImpl.executeStatement(JDBCStatementImpl.java:133)
	at org.jkiss.dbeaver.ui.editors.sql.execute.SQLQueryJob.executeStatement(SQLQueryJob.java:615)
	at org.jkiss.dbeaver.ui.editors.sql.execute.SQLQueryJob.lambda$2(SQLQueryJob.java:506)
	at org.jkiss.dbeaver.model.exec.DBExecUtils.tryExecuteRecover(DBExecUtils.java:192)
	at org.jkiss.dbeaver.ui.editors.sql.execute.SQLQueryJob.executeSingleQuery(SQLQueryJob.java:525)
	at org.jkiss.dbeaver.ui.editors.sql.execute.SQLQueryJob.run(SQLQueryJob.java:240)
	at org.jkiss.dbeaver.model.runtime.AbstractJob.run(AbstractJob.java:117)
	at org.eclipse.core.internal.jobs.Worker.run(Worker.java:63)
Caused by: org.sqlite.SQLiteException: [SQLITE_ERROR] SQL error or missing database (near "drop": syntax error)
	at org.sqlite.core.DB.newSQLException(DB.java:1179)
	at org.sqlite.core.DB.newSQLException(DB.java:1190)
	at org.sqlite.core.DB.throwex(DB.java:1150)
	at org.sqlite.core.NativeDB.prepare_utf8(Native Method)
	at org.sqlite.core.NativeDB.prepare(NativeDB.java:132)
	at org.sqlite.core.DB.prepare(DB.java:264)
	at org.sqlite.jdbc3.JDBC3Statement.lambda$execute$0(JDBC3Statement.java:54)
	at org.sqlite.jdbc3.JDBC3Statement.withConnectionTimeout(JDBC3Statement.java:454)
	at org.sqlite.jdbc3.JDBC3Statement.execute(JDBC3Statement.java:43)
	at org.jkiss.dbeaver.model.impl.jdbc.exec.JDBCStatementImpl.execute(JDBCStatementImpl.java:330)
	at org.jkiss.dbeaver.model.impl.jdbc.exec.JDBCStatementImpl.executeStatement(JDBCStatementImpl.java:131)
	... 7 more
2024-07-13 08:40:49.778 - org.eclipse.jface.text.BadLocationException: -1
org.eclipse.jface.text.BadLocationException: -1
	at org.eclipse.jface.text.TreeLineTracker.offsetByLine(TreeLineTracker.java:335)
	at org.eclipse.jface.text.TreeLineTracker.getLineOffset(TreeLineTracker.java:1101)
	at org.eclipse.jface.text.AbstractLineTracker.getLineOffset(AbstractLineTracker.java:252)
	at org.eclipse.jface.text.AbstractDocument.getLineOffset(AbstractDocument.java:868)
	at org.eclipse.core.internal.filebuffers.SynchronizableDocument.getLineOffset(SynchronizableDocument.java:323)
	at org.jkiss.dbeaver.ui.editors.sql.util.SQLAnnotationHover.getHoverInfo(SQLAnnotationHover.java:101)
	at org.eclipse.jface.text.source.AnnotationBarHoverManager.computeInformation(AnnotationBarHoverManager.java:346)
	at org.eclipse.jface.text.AbstractInformationControlManager.doShowInformation(AbstractInformationControlManager.java:1101)
	at org.eclipse.jface.text.AbstractHoverInformationControlManager$MouseTracker.mouseHover(AbstractHoverInformationControlManager.java:511)
	at org.eclipse.swt.widgets.TypedListener.handleEvent(TypedListener.java:225)
	at org.eclipse.swt.widgets.EventTable.sendEvent(EventTable.java:91)
	at org.eclipse.swt.widgets.Display.sendEvent(Display.java:4285)
	at org.eclipse.swt.widgets.Widget.sendEvent(Widget.java:1160)
	at org.eclipse.swt.widgets.Display.runDeferredEvents(Display.java:4083)
	at org.eclipse.swt.widgets.Display.readAndDispatch(Display.java:3673)
	at org.eclipse.e4.ui.internal.workbench.swt.PartRenderingEngine$5.run(PartRenderingEngine.java:1151)
	at org.eclipse.core.databinding.observable.Realm.runWithDefault(Realm.java:339)
	at org.eclipse.e4.ui.internal.workbench.swt.PartRenderingEngine.run(PartRenderingEngine.java:1042)
	at org.eclipse.e4.ui.internal.workbench.E4Workbench.createAndRunUI(E4Workbench.java:152)
	at org.eclipse.ui.internal.Workbench.lambda$3(Workbench.java:639)
	at org.eclipse.core.databinding.observable.Realm.runWithDefault(Realm.java:339)
	at org.eclipse.ui.internal.Workbench.createAndRunWorkbench(Workbench.java:546)
	at org.eclipse.ui.PlatformUI.createAndRunWorkbench(PlatformUI.java:173)
	at org.jkiss.dbeaver.ui.app.standalone.DBeaverApplication.start(DBeaverApplication.java:292)
	at org.eclipse.equinox.internal.app.EclipseAppHandle.run(EclipseAppHandle.java:208)
	at org.eclipse.core.runtime.internal.adaptor.EclipseAppLauncher.runApplication(EclipseAppLauncher.java:143)
	at org.eclipse.core.runtime.internal.adaptor.EclipseAppLauncher.start(EclipseAppLauncher.java:109)
	at org.eclipse.core.runtime.adaptor.EclipseStarter.run(EclipseStarter.java:439)
	at org.eclipse.core.runtime.adaptor.EclipseStarter.run(EclipseStarter.java:271)
	at java.base/jdk.internal.reflect.NativeMethodAccessorImpl.invoke0(Native Method)
	at java.base/jdk.internal.reflect.NativeMethodAccessorImpl.invoke(Unknown Source)
	at java.base/jdk.internal.reflect.DelegatingMethodAccessorImpl.invoke(Unknown Source)
	at java.base/java.lang.reflect.Method.invoke(Unknown Source)
	at org.jkiss.dbeaver.launcher.DBeaverLauncher.invokeFramework(DBeaverLauncher.java:648)
	at org.jkiss.dbeaver.launcher.DBeaverLauncher.basicRun(DBeaverLauncher.java:608)
	at org.jkiss.dbeaver.launcher.DBeaverLauncher.run(DBeaverLauncher.java:1459)
2024-07-13 08:41:24.777 - org.jkiss.dbeaver.model.sql.DBSQLException: Erro SQL [1]: [SQLITE_ERROR] SQL error or missing database (near "column": syntax error)
	at org.jkiss.dbeaver.model.impl.jdbc.exec.JDBCStatementImpl.executeStatement(JDBCStatementImpl.java:133)
	at org.jkiss.dbeaver.ui.editors.sql.execute.SQLQueryJob.executeStatement(SQLQueryJob.java:615)
	at org.jkiss.dbeaver.ui.editors.sql.execute.SQLQueryJob.lambda$2(SQLQueryJob.java:506)
	at org.jkiss.dbeaver.model.exec.DBExecUtils.tryExecuteRecover(DBExecUtils.java:192)
	at org.jkiss.dbeaver.ui.editors.sql.execute.SQLQueryJob.executeSingleQuery(SQLQueryJob.java:525)
	at org.jkiss.dbeaver.ui.editors.sql.execute.SQLQueryJob.run(SQLQueryJob.java:240)
	at org.jkiss.dbeaver.model.runtime.AbstractJob.run(AbstractJob.java:117)
	at org.eclipse.core.internal.jobs.Worker.run(Worker.java:63)
Caused by: org.sqlite.SQLiteException: [SQLITE_ERROR] SQL error or missing database (near "column": syntax error)
	at org.sqlite.core.DB.newSQLException(DB.java:1179)
	at org.sqlite.core.DB.newSQLException(DB.java:1190)
	at org.sqlite.core.DB.throwex(DB.java:1150)
	at org.sqlite.core.NativeDB.prepare_utf8(Native Method)
	at org.sqlite.core.NativeDB.prepare(NativeDB.java:132)
	at org.sqlite.core.DB.prepare(DB.java:264)
	at org.sqlite.jdbc3.JDBC3Statement.lambda$execute$0(JDBC3Statement.java:54)
	at org.sqlite.jdbc3.JDBC3Statement.withConnectionTimeout(JDBC3Statement.java:454)
	at org.sqlite.jdbc3.JDBC3Statement.execute(JDBC3Statement.java:43)
	at org.jkiss.dbeaver.model.impl.jdbc.exec.JDBCStatementImpl.execute(JDBCStatementImpl.java:330)
	at org.jkiss.dbeaver.model.impl.jdbc.exec.JDBCStatementImpl.executeStatement(JDBCStatementImpl.java:131)
	... 7 more
2024-07-13 08:54:37.908 - org.jkiss.dbeaver.model.sql.DBSQLException: Erro SQL [1]: [SQLITE_ERROR] SQL error or missing database (table tabelacategorias already exists)
	at org.jkiss.dbeaver.model.impl.jdbc.exec.JDBCStatementImpl.executeStatement(JDBCStatementImpl.java:133)
	at org.jkiss.dbeaver.ui.editors.sql.execute.SQLQueryJob.executeStatement(SQLQueryJob.java:615)
	at org.jkiss.dbeaver.ui.editors.sql.execute.SQLQueryJob.lambda$2(SQLQueryJob.java:506)
	at org.jkiss.dbeaver.model.exec.DBExecUtils.tryExecuteRecover(DBExecUtils.java:192)
	at org.jkiss.dbeaver.ui.editors.sql.execute.SQLQueryJob.executeSingleQuery(SQLQueryJob.java:525)
	at org.jkiss.dbeaver.ui.editors.sql.execute.SQLQueryJob.run(SQLQueryJob.java:240)
	at org.jkiss.dbeaver.model.runtime.AbstractJob.run(AbstractJob.java:117)
	at org.eclipse.core.internal.jobs.Worker.run(Worker.java:63)
Caused by: org.sqlite.SQLiteException: [SQLITE_ERROR] SQL error or missing database (table tabelacategorias already exists)
	at org.sqlite.core.DB.newSQLException(DB.java:1179)
	at org.sqlite.core.DB.newSQLException(DB.java:1190)
	at org.sqlite.core.DB.throwex(DB.java:1150)
	at org.sqlite.core.NativeDB.prepare_utf8(Native Method)
	at org.sqlite.core.NativeDB.prepare(NativeDB.java:132)
	at org.sqlite.core.DB.prepare(DB.java:264)
	at org.sqlite.jdbc3.JDBC3Statement.lambda$execute$0(JDBC3Statement.java:54)
	at org.sqlite.jdbc3.JDBC3Statement.withConnectionTimeout(JDBC3Statement.java:454)
	at org.sqlite.jdbc3.JDBC3Statement.execute(JDBC3Statement.java:43)
	at org.jkiss.dbeaver.model.impl.jdbc.exec.JDBCStatementImpl.execute(JDBCStatementImpl.java:330)
	at org.jkiss.dbeaver.model.impl.jdbc.exec.JDBCStatementImpl.executeStatement(JDBCStatementImpl.java:131)
	... 7 more
2024-07-13 08:56:13.197 - org.jkiss.dbeaver.model.sql.DBSQLException: Erro SQL [1]: [SQLITE_ERROR] SQL error or missing database (near "FOREIGN": syntax error)
	at org.jkiss.dbeaver.model.impl.jdbc.exec.JDBCStatementImpl.executeStatement(JDBCStatementImpl.java:133)
	at org.jkiss.dbeaver.ui.editors.sql.execute.SQLQueryJob.executeStatement(SQLQueryJob.java:615)
	at org.jkiss.dbeaver.ui.editors.sql.execute.SQLQueryJob.lambda$2(SQLQueryJob.java:506)
	at org.jkiss.dbeaver.model.exec.DBExecUtils.tryExecuteRecover(DBExecUtils.java:192)
	at org.jkiss.dbeaver.ui.editors.sql.execute.SQLQueryJob.executeSingleQuery(SQLQueryJob.java:525)
	at org.jkiss.dbeaver.ui.editors.sql.execute.SQLQueryJob.run(SQLQueryJob.java:240)
	at org.jkiss.dbeaver.model.runtime.AbstractJob.run(AbstractJob.java:117)
	at org.eclipse.core.internal.jobs.Worker.run(Worker.java:63)
Caused by: org.sqlite.SQLiteException: [SQLITE_ERROR] SQL error or missing database (near "FOREIGN": syntax error)
	at org.sqlite.core.DB.newSQLException(DB.java:1179)
	at org.sqlite.core.DB.newSQLException(DB.java:1190)
	at org.sqlite.core.DB.throwex(DB.java:1150)
	at org.sqlite.core.NativeDB.prepare_utf8(Native Method)
	at org.sqlite.core.NativeDB.prepare(NativeDB.java:132)
	at org.sqlite.core.DB.prepare(DB.java:264)
	at org.sqlite.jdbc3.JDBC3Statement.lambda$execute$0(JDBC3Statement.java:54)
	at org.sqlite.jdbc3.JDBC3Statement.withConnectionTimeout(JDBC3Statement.java:454)
	at org.sqlite.jdbc3.JDBC3Statement.execute(JDBC3Statement.java:43)
	at org.jkiss.dbeaver.model.impl.jdbc.exec.JDBCStatementImpl.execute(JDBCStatementImpl.java:330)
	at org.jkiss.dbeaver.model.impl.jdbc.exec.JDBCStatementImpl.executeStatement(JDBCStatementImpl.java:131)
	... 7 more
2024-07-13 08:58:05.010 - Error while analyzing query text: Alter table 
java.lang.NullPointerException: Cannot invoke "org.jkiss.dbeaver.model.stm.STMTreeNode.getNodeName()" because "node" is null
	at org.jkiss.dbeaver.model.sql.semantics.SQLQueryModelContext.collectIdentifier(SQLQueryModelContext.java:373)
	at org.jkiss.dbeaver.model.sql.semantics.SQLQueryModelContext.collectQualifiedName(SQLQueryModelContext.java:471)
	at org.jkiss.dbeaver.model.sql.semantics.SQLQueryModelContext.collectTableName(SQLQueryModelContext.java:452)
	at org.jkiss.dbeaver.model.sql.semantics.SQLQueryModelContext.traverseForIdentifiers(SQLQueryModelContext.java:239)
	at org.jkiss.dbeaver.model.sql.semantics.SQLQueryModelContext.recognizeQuery(SQLQueryModelContext.java:181)
	at org.jkiss.dbeaver.ui.editors.sql.semantics.SQLBackgroundParsingJob.doWork(SQLBackgroundParsingJob.java:519)
	at org.jkiss.dbeaver.ui.editors.sql.semantics.SQLBackgroundParsingJob$1.run(SQLBackgroundParsingJob.java:88)
	at org.jkiss.dbeaver.model.runtime.AbstractJob.run(AbstractJob.java:117)
	at org.eclipse.core.internal.jobs.Worker.run(Worker.java:63)
2024-07-13 08:58:10.387 - Error while analyzing query text: Alter table table
java.lang.UnsupportedOperationException: identifier expected while facing with error
	at org.jkiss.dbeaver.model.sql.semantics.SQLQueryModelContext.collectIdentifier(SQLQueryModelContext.java:375)
	at org.jkiss.dbeaver.model.sql.semantics.SQLQueryModelContext.collectQualifiedName(SQLQueryModelContext.java:471)
	at org.jkiss.dbeaver.model.sql.semantics.SQLQueryModelContext.collectTableName(SQLQueryModelContext.java:452)
	at org.jkiss.dbeaver.model.sql.semantics.SQLQueryModelContext.traverseForIdentifiers(SQLQueryModelContext.java:239)
	at org.jkiss.dbeaver.model.sql.semantics.SQLQueryModelContext.recognizeQuery(SQLQueryModelContext.java:181)
	at org.jkiss.dbeaver.ui.editors.sql.semantics.SQLBackgroundParsingJob.doWork(SQLBackgroundParsingJob.java:519)
	at org.jkiss.dbeaver.ui.editors.sql.semantics.SQLBackgroundParsingJob$1.run(SQLBackgroundParsingJob.java:88)
	at org.jkiss.dbeaver.model.runtime.AbstractJob.run(AbstractJob.java:117)
	at org.eclipse.core.internal.jobs.Worker.run(Worker.java:63)
2024-07-13 09:05:43.753 - org.jkiss.dbeaver.model.sql.DBSQLException: Erro SQL [1]: [SQLITE_ERROR] SQL error or missing database (no such table: tabela_produtos)
	at org.jkiss.dbeaver.model.impl.jdbc.exec.JDBCStatementImpl.executeStatement(JDBCStatementImpl.java:133)
	at org.jkiss.dbeaver.ui.editors.sql.execute.SQLQueryJob.executeStatement(SQLQueryJob.java:615)
	at org.jkiss.dbeaver.ui.editors.sql.execute.SQLQueryJob.lambda$2(SQLQueryJob.java:506)
	at org.jkiss.dbeaver.model.exec.DBExecUtils.tryExecuteRecover(DBExecUtils.java:192)
	at org.jkiss.dbeaver.ui.editors.sql.execute.SQLQueryJob.executeSingleQuery(SQLQueryJob.java:525)
	at org.jkiss.dbeaver.ui.editors.sql.execute.SQLQueryJob.run(SQLQueryJob.java:240)
	at org.jkiss.dbeaver.model.runtime.AbstractJob.run(AbstractJob.java:117)
	at org.eclipse.core.internal.jobs.Worker.run(Worker.java:63)
Caused by: org.sqlite.SQLiteException: [SQLITE_ERROR] SQL error or missing database (no such table: tabela_produtos)
	at org.sqlite.core.DB.newSQLException(DB.java:1179)
	at org.sqlite.core.DB.newSQLException(DB.java:1190)
	at org.sqlite.core.DB.throwex(DB.java:1150)
	at org.sqlite.core.NativeDB.prepare_utf8(Native Method)
	at org.sqlite.core.NativeDB.prepare(NativeDB.java:132)
	at org.sqlite.core.DB.prepare(DB.java:264)
	at org.sqlite.jdbc3.JDBC3Statement.lambda$execute$0(JDBC3Statement.java:54)
	at org.sqlite.jdbc3.JDBC3Statement.withConnectionTimeout(JDBC3Statement.java:454)
	at org.sqlite.jdbc3.JDBC3Statement.execute(JDBC3Statement.java:43)
	at org.jkiss.dbeaver.model.impl.jdbc.exec.JDBCStatementImpl.execute(JDBCStatementImpl.java:330)
	at org.jkiss.dbeaver.model.impl.jdbc.exec.JDBCStatementImpl.executeStatement(JDBCStatementImpl.java:131)
	... 7 more
2024-07-13 09:07:13.264 - org.jkiss.dbeaver.model.sql.DBSQLException: Erro SQL [1]: [SQLITE_ERROR] SQL error or missing database (no such table: tabela_produtos)
	at org.jkiss.dbeaver.model.impl.jdbc.exec.JDBCStatementImpl.executeStatement(JDBCStatementImpl.java:133)
	at org.jkiss.dbeaver.ui.editors.sql.execute.SQLQueryJob.executeStatement(SQLQueryJob.java:615)
	at org.jkiss.dbeaver.ui.editors.sql.execute.SQLQueryJob.lambda$2(SQLQueryJob.java:506)
	at org.jkiss.dbeaver.model.exec.DBExecUtils.tryExecuteRecover(DBExecUtils.java:192)
	at org.jkiss.dbeaver.ui.editors.sql.execute.SQLQueryJob.executeSingleQuery(SQLQueryJob.java:525)
	at org.jkiss.dbeaver.ui.editors.sql.execute.SQLQueryJob.run(SQLQueryJob.java:240)
	at org.jkiss.dbeaver.model.runtime.AbstractJob.run(AbstractJob.java:117)
	at org.eclipse.core.internal.jobs.Worker.run(Worker.java:63)
Caused by: org.sqlite.SQLiteException: [SQLITE_ERROR] SQL error or missing database (no such table: tabela_produtos)
	at org.sqlite.core.DB.newSQLException(DB.java:1179)
	at org.sqlite.core.DB.newSQLException(DB.java:1190)
	at org.sqlite.core.DB.throwex(DB.java:1150)
	at org.sqlite.core.NativeDB.prepare_utf8(Native Method)
	at org.sqlite.core.NativeDB.prepare(NativeDB.java:132)
	at org.sqlite.core.DB.prepare(DB.java:264)
	at org.sqlite.jdbc3.JDBC3Statement.lambda$execute$0(JDBC3Statement.java:54)
	at org.sqlite.jdbc3.JDBC3Statement.withConnectionTimeout(JDBC3Statement.java:454)
	at org.sqlite.jdbc3.JDBC3Statement.execute(JDBC3Statement.java:43)
	at org.jkiss.dbeaver.model.impl.jdbc.exec.JDBCStatementImpl.execute(JDBCStatementImpl.java:330)
	at org.jkiss.dbeaver.model.impl.jdbc.exec.JDBCStatementImpl.executeStatement(JDBCStatementImpl.java:131)
	... 7 more
2024-07-13 09:07:34.496 - org.jkiss.dbeaver.model.sql.DBSQLException: Erro SQL [1]: [SQLITE_ERROR] SQL error or missing database (no such table: tabela_produtos)
	at org.jkiss.dbeaver.model.impl.jdbc.exec.JDBCStatementImpl.executeStatement(JDBCStatementImpl.java:133)
	at org.jkiss.dbeaver.ui.editors.sql.execute.SQLQueryJob.executeStatement(SQLQueryJob.java:615)
	at org.jkiss.dbeaver.ui.editors.sql.execute.SQLQueryJob.lambda$2(SQLQueryJob.java:506)
	at org.jkiss.dbeaver.model.exec.DBExecUtils.tryExecuteRecover(DBExecUtils.java:192)
	at org.jkiss.dbeaver.ui.editors.sql.execute.SQLQueryJob.executeSingleQuery(SQLQueryJob.java:525)
	at org.jkiss.dbeaver.ui.editors.sql.execute.SQLQueryJob.run(SQLQueryJob.java:240)
	at org.jkiss.dbeaver.model.runtime.AbstractJob.run(AbstractJob.java:117)
	at org.eclipse.core.internal.jobs.Worker.run(Worker.java:63)
Caused by: org.sqlite.SQLiteException: [SQLITE_ERROR] SQL error or missing database (no such table: tabela_produtos)
	at org.sqlite.core.DB.newSQLException(DB.java:1179)
	at org.sqlite.core.DB.newSQLException(DB.java:1190)
	at org.sqlite.core.DB.throwex(DB.java:1150)
	at org.sqlite.core.NativeDB.prepare_utf8(Native Method)
	at org.sqlite.core.NativeDB.prepare(NativeDB.java:132)
	at org.sqlite.core.DB.prepare(DB.java:264)
	at org.sqlite.jdbc3.JDBC3Statement.lambda$execute$0(JDBC3Statement.java:54)
	at org.sqlite.jdbc3.JDBC3Statement.withConnectionTimeout(JDBC3Statement.java:454)
	at org.sqlite.jdbc3.JDBC3Statement.execute(JDBC3Statement.java:43)
	at org.jkiss.dbeaver.model.impl.jdbc.exec.JDBCStatementImpl.execute(JDBCStatementImpl.java:330)
	at org.jkiss.dbeaver.model.impl.jdbc.exec.JDBCStatementImpl.executeStatement(JDBCStatementImpl.java:131)
	... 7 more
2024-07-13 09:40:20.361 - org.jkiss.dbeaver.model.sql.DBSQLException: Erro SQL [1]: [SQLITE_ERROR] SQL error or missing database (no such table: tabelaclientes)
	at org.jkiss.dbeaver.model.impl.jdbc.exec.JDBCStatementImpl.executeStatement(JDBCStatementImpl.java:133)
	at org.jkiss.dbeaver.ui.editors.sql.execute.SQLQueryJob.executeStatement(SQLQueryJob.java:615)
	at org.jkiss.dbeaver.ui.editors.sql.execute.SQLQueryJob.lambda$2(SQLQueryJob.java:506)
	at org.jkiss.dbeaver.ui.editors.sql.execute.SQLQueryJob.executeSingleQuery(SQLQueryJob.java:528)
	at org.jkiss.dbeaver.ui.editors.sql.execute.SQLQueryJob.run(SQLQueryJob.java:240)
	at org.jkiss.dbeaver.model.runtime.AbstractJob.run(AbstractJob.java:117)
	at org.eclipse.core.internal.jobs.Worker.run(Worker.java:63)
Caused by: org.sqlite.SQLiteException: [SQLITE_ERROR] SQL error or missing database (no such table: tabelaclientes)
	at org.sqlite.core.DB.newSQLException(DB.java:1179)
	at org.sqlite.core.DB.newSQLException(DB.java:1190)
	at org.sqlite.core.DB.throwex(DB.java:1150)
	at org.sqlite.core.NativeDB.prepare_utf8(Native Method)
	at org.sqlite.core.NativeDB.prepare(NativeDB.java:132)
	at org.sqlite.core.DB.prepare(DB.java:264)
	at org.sqlite.jdbc3.JDBC3Statement.lambda$execute$0(JDBC3Statement.java:54)
	at org.sqlite.jdbc3.JDBC3Statement.withConnectionTimeout(JDBC3Statement.java:454)
	at org.sqlite.jdbc3.JDBC3Statement.execute(JDBC3Statement.java:43)
	at org.jkiss.dbeaver.model.impl.jdbc.exec.JDBCStatementImpl.execute(JDBCStatementImpl.java:330)
	at org.jkiss.dbeaver.model.impl.jdbc.exec.JDBCStatementImpl.executeStatement(JDBCStatementImpl.java:131)
	... 6 more
2024-07-13 09:40:48.261 - Error while analyzing query text: Alter table
java.lang.NullPointerException: Cannot invoke "org.jkiss.dbeaver.model.stm.STMTreeNode.getNodeName()" because "node" is null
	at org.jkiss.dbeaver.model.sql.semantics.SQLQueryModelContext.collectIdentifier(SQLQueryModelContext.java:373)
	at org.jkiss.dbeaver.model.sql.semantics.SQLQueryModelContext.collectQualifiedName(SQLQueryModelContext.java:471)
	at org.jkiss.dbeaver.model.sql.semantics.SQLQueryModelContext.collectTableName(SQLQueryModelContext.java:452)
	at org.jkiss.dbeaver.model.sql.semantics.SQLQueryModelContext.traverseForIdentifiers(SQLQueryModelContext.java:239)
	at org.jkiss.dbeaver.model.sql.semantics.SQLQueryModelContext.recognizeQuery(SQLQueryModelContext.java:181)
	at org.jkiss.dbeaver.ui.editors.sql.semantics.SQLBackgroundParsingJob.doWork(SQLBackgroundParsingJob.java:519)
	at org.jkiss.dbeaver.ui.editors.sql.semantics.SQLBackgroundParsingJob$1.run(SQLBackgroundParsingJob.java:88)
	at org.jkiss.dbeaver.model.runtime.AbstractJob.run(AbstractJob.java:117)
	at org.eclipse.core.internal.jobs.Worker.run(Worker.java:63)
2024-07-13 09:40:51.452 - Error while analyzing query text: Alter table table
java.lang.UnsupportedOperationException: identifier expected while facing with error
	at org.jkiss.dbeaver.model.sql.semantics.SQLQueryModelContext.collectIdentifier(SQLQueryModelContext.java:375)
	at org.jkiss.dbeaver.model.sql.semantics.SQLQueryModelContext.collectQualifiedName(SQLQueryModelContext.java:471)
	at org.jkiss.dbeaver.model.sql.semantics.SQLQueryModelContext.collectTableName(SQLQueryModelContext.java:452)
	at org.jkiss.dbeaver.model.sql.semantics.SQLQueryModelContext.traverseForIdentifiers(SQLQueryModelContext.java:239)
	at org.jkiss.dbeaver.model.sql.semantics.SQLQueryModelContext.recognizeQuery(SQLQueryModelContext.java:181)
	at org.jkiss.dbeaver.ui.editors.sql.semantics.SQLBackgroundParsingJob.doWork(SQLBackgroundParsingJob.java:519)
	at org.jkiss.dbeaver.ui.editors.sql.semantics.SQLBackgroundParsingJob$1.run(SQLBackgroundParsingJob.java:88)
	at org.jkiss.dbeaver.model.runtime.AbstractJob.run(AbstractJob.java:117)
	at org.eclipse.core.internal.jobs.Worker.run(Worker.java:63)
2024-07-13 09:40:54.255 - Error resolving object
org.jkiss.dbeaver.DBException: Can't find table 'tableclientes' in 'hermeximport'
	at org.jkiss.dbeaver.ext.generic.model.GenericStructureAssistant$TableReference.resolveObject(GenericStructureAssistant.java:215)
	at org.jkiss.dbeaver.ui.editors.sql.dialogs.SuggestionInformationControl$1.run(SuggestionInformationControl.java:130)
	at org.jkiss.dbeaver.model.runtime.AbstractJob.run(AbstractJob.java:117)
	at org.eclipse.core.internal.jobs.Worker.run(Worker.java:63)
2024-07-13 09:41:05.607 - org.jkiss.dbeaver.model.sql.DBSQLException: Erro SQL [1]: [SQLITE_ERROR] SQL error or missing database (no such table: tablecliente)
	at org.jkiss.dbeaver.model.impl.jdbc.exec.JDBCStatementImpl.executeStatement(JDBCStatementImpl.java:133)
	at org.jkiss.dbeaver.ui.editors.sql.execute.SQLQueryJob.executeStatement(SQLQueryJob.java:615)
	at org.jkiss.dbeaver.ui.editors.sql.execute.SQLQueryJob.lambda$2(SQLQueryJob.java:506)
	at org.jkiss.dbeaver.model.exec.DBExecUtils.tryExecuteRecover(DBExecUtils.java:192)
	at org.jkiss.dbeaver.ui.editors.sql.execute.SQLQueryJob.executeSingleQuery(SQLQueryJob.java:525)
	at org.jkiss.dbeaver.ui.editors.sql.execute.SQLQueryJob.run(SQLQueryJob.java:240)
	at org.jkiss.dbeaver.model.runtime.AbstractJob.run(AbstractJob.java:117)
	at org.eclipse.core.internal.jobs.Worker.run(Worker.java:63)
Caused by: org.sqlite.SQLiteException: [SQLITE_ERROR] SQL error or missing database (no such table: tablecliente)
	at org.sqlite.core.DB.newSQLException(DB.java:1179)
	at org.sqlite.core.DB.newSQLException(DB.java:1190)
	at org.sqlite.core.DB.throwex(DB.java:1150)
	at org.sqlite.core.NativeDB.prepare_utf8(Native Method)
	at org.sqlite.core.NativeDB.prepare(NativeDB.java:132)
	at org.sqlite.core.DB.prepare(DB.java:264)
	at org.sqlite.jdbc3.JDBC3Statement.lambda$execute$0(JDBC3Statement.java:54)
	at org.sqlite.jdbc3.JDBC3Statement.withConnectionTimeout(JDBC3Statement.java:454)
	at org.sqlite.jdbc3.JDBC3Statement.execute(JDBC3Statement.java:43)
	at org.jkiss.dbeaver.model.impl.jdbc.exec.JDBCStatementImpl.execute(JDBCStatementImpl.java:330)
	at org.jkiss.dbeaver.model.impl.jdbc.exec.JDBCStatementImpl.executeStatement(JDBCStatementImpl.java:131)
	... 7 more
2024-07-13 09:47:12.311 - DBeaver is stopping
2024-07-13 09:47:12.312 - Stop instance server
2024-07-13 09:47:13.317 - Instance server has been stopped
2024-07-13 09:47:13.317 - DBeaver shutdown completed
